#! /usr/bin/vvp
:ivl_version "10.3 (stable)";
:ivl_delay_selection "TYPICAL";
:vpi_time_precision + 0;
:vpi_module "system";
:vpi_module "vhdl_sys";
:vpi_module "v2005_math";
:vpi_module "va_math";
S_0x557d8bb15e20 .scope module, "top" "top" 2 6;
 .timescale 0 0;
L_0x557d8bb74850 .functor XOR 1, L_0x557d8bb741e0, L_0x557d8bb74480, C4<0>, C4<0>;
L_0x557d8bb75810 .functor XOR 32, L_0x557d8bb75120, L_0x557d8bb75030, C4<00000000000000000000000000000000>, C4<00000000000000000000000000000000>;
v0x557d8bb72740_0 .net "Big", 31 0, v0x557d8bb72200_0;  1 drivers
v0x557d8bb72870_0 .net "E1", 7 0, L_0x557d8bb742f0;  1 drivers
v0x557d8bb72930_0 .net "E2", 7 0, L_0x557d8bb74590;  1 drivers
v0x557d8bb72a00_0 .var "E3", 7 0;
v0x557d8bb72aa0_0 .net "Ediff", 7 0, L_0x557d8bb747b0;  1 drivers
v0x557d8bb72bb0_0 .var "Exp1", 31 0;
v0x557d8bb72c80_0 .var "Exp2", 31 0;
v0x557d8bb72d50_0 .var "Final_exp", 31 0;
v0x557d8bb72e10_0 .net "M1", 22 0, L_0x557d8bb743e0;  1 drivers
v0x557d8bb72f90_0 .net "M2", 22 0, L_0x557d8bb74710;  1 drivers
v0x557d8bb73060_0 .var "M3", 22 0;
v0x557d8bb73120_0 .net "N1", 31 0, L_0x557d8bb74b00;  1 drivers
v0x557d8bb73210_0 .net "N2", 31 0, L_0x557d8bb74ea0;  1 drivers
v0x557d8bb732e0_0 .net "N3", 31 0, L_0x557d8bb75030;  1 drivers
v0x557d8bb733b0_0 .net "N4", 31 0, L_0x557d8bb75810;  1 drivers
v0x557d8bb73470_0 .var "N5", 31 0;
v0x557d8bb73560_0 .net "S1", 0 0, L_0x557d8bb741e0;  1 drivers
v0x557d8bb73630_0 .net "S2", 0 0, L_0x557d8bb74480;  1 drivers
v0x557d8bb73700_0 .net "Small", 31 0, v0x557d8bb724c0_0;  1 drivers
v0x557d8bb737a0_0 .net "Sum", 31 0, v0x557d8bb71a50_0;  1 drivers
v0x557d8bb73840_0 .var "Temp_Mantissa", 22 0;
v0x557d8bb738e0_0 .net *"_s11", 0 0, L_0x557d8bb74c90;  1 drivers
v0x557d8bb739a0_0 .net *"_s12", 23 0, L_0x557d8bb74dc0;  1 drivers
L_0x7ff1ce2e3060 .functor BUFT 1, C4<00000000>, C4<0>, C4<0>, C4<0>;
v0x557d8bb73a80_0 .net *"_s17", 7 0, L_0x7ff1ce2e3060;  1 drivers
v0x557d8bb73b60_0 .net *"_s18", 0 0, L_0x557d8bb74850;  1 drivers
v0x557d8bb73c40_0 .net *"_s20", 31 0, L_0x557d8bb75120;  1 drivers
v0x557d8bb73d20_0 .net *"_s3", 0 0, L_0x557d8bb74930;  1 drivers
v0x557d8bb73de0_0 .net *"_s4", 23 0, L_0x557d8bb74a60;  1 drivers
L_0x7ff1ce2e3018 .functor BUFT 1, C4<00000000>, C4<0>, C4<0>, C4<0>;
v0x557d8bb73ec0_0 .net *"_s9", 7 0, L_0x7ff1ce2e3018;  1 drivers
v0x557d8bb73fa0_0 .var/i "i", 31 0;
E_0x557d8bae7900 .event edge, v0x557d8bb73060_0, v0x557d8bb72a00_0;
E_0x557d8bab2870 .event edge, v0x557d8bb71a50_0;
E_0x557d8bae74f0 .event edge, v0x557d8bb63830_0, v0x557d8bb63df0_0, v0x557d8bb733b0_0;
L_0x557d8bb747b0 .arith/sub 8, L_0x557d8bb742f0, L_0x557d8bb74590;
L_0x557d8bb74930 .reduce/or L_0x557d8bb742f0;
L_0x557d8bb74a60 .concat [ 23 1 0 0], L_0x557d8bb743e0, L_0x557d8bb74930;
L_0x557d8bb74b00 .concat [ 24 8 0 0], L_0x557d8bb74a60, L_0x7ff1ce2e3018;
L_0x557d8bb74c90 .reduce/or L_0x557d8bb74590;
L_0x557d8bb74dc0 .concat [ 23 1 0 0], L_0x557d8bb74710, L_0x557d8bb74c90;
L_0x557d8bb74ea0 .concat [ 24 8 0 0], L_0x557d8bb74dc0, L_0x7ff1ce2e3060;
LS_0x557d8bb75120_0_0 .concat [ 1 1 1 1], L_0x557d8bb74850, L_0x557d8bb74850, L_0x557d8bb74850, L_0x557d8bb74850;
LS_0x557d8bb75120_0_4 .concat [ 1 1 1 1], L_0x557d8bb74850, L_0x557d8bb74850, L_0x557d8bb74850, L_0x557d8bb74850;
LS_0x557d8bb75120_0_8 .concat [ 1 1 1 1], L_0x557d8bb74850, L_0x557d8bb74850, L_0x557d8bb74850, L_0x557d8bb74850;
LS_0x557d8bb75120_0_12 .concat [ 1 1 1 1], L_0x557d8bb74850, L_0x557d8bb74850, L_0x557d8bb74850, L_0x557d8bb74850;
LS_0x557d8bb75120_0_16 .concat [ 1 1 1 1], L_0x557d8bb74850, L_0x557d8bb74850, L_0x557d8bb74850, L_0x557d8bb74850;
LS_0x557d8bb75120_0_20 .concat [ 1 1 1 1], L_0x557d8bb74850, L_0x557d8bb74850, L_0x557d8bb74850, L_0x557d8bb74850;
LS_0x557d8bb75120_0_24 .concat [ 1 1 1 1], L_0x557d8bb74850, L_0x557d8bb74850, L_0x557d8bb74850, L_0x557d8bb74850;
LS_0x557d8bb75120_0_28 .concat [ 1 1 1 1], L_0x557d8bb74850, L_0x557d8bb74850, L_0x557d8bb74850, L_0x557d8bb74850;
LS_0x557d8bb75120_1_0 .concat [ 4 4 4 4], LS_0x557d8bb75120_0_0, LS_0x557d8bb75120_0_4, LS_0x557d8bb75120_0_8, LS_0x557d8bb75120_0_12;
LS_0x557d8bb75120_1_4 .concat [ 4 4 4 4], LS_0x557d8bb75120_0_16, LS_0x557d8bb75120_0_20, LS_0x557d8bb75120_0_24, LS_0x557d8bb75120_0_28;
L_0x557d8bb75120 .concat [ 16 16 0 0], LS_0x557d8bb75120_1_0, LS_0x557d8bb75120_1_4;
S_0x557d8bb18520 .scope module, "S" "Shift" 2 31, 3 1 0, S_0x557d8bb15e20;
 .timescale 0 0;
    .port_info 0 /INPUT 32 "A"
    .port_info 1 /INPUT 8 "shift"
    .port_info 2 /OUTPUT 32 "B"
v0x557d8bb46270_0 .net "A", 31 0, L_0x557d8bb74ea0;  alias, 1 drivers
v0x557d8bb631c0_0 .net "B", 31 0, L_0x557d8bb75030;  alias, 1 drivers
v0x557d8bb632a0_0 .net "shift", 7 0, L_0x557d8bb747b0;  alias, 1 drivers
L_0x557d8bb75030 .shift/r 32, L_0x557d8bb74ea0, L_0x557d8bb747b0;
S_0x557d8bb633e0 .scope module, "SP1" "Split" 2 19, 4 1 0, S_0x557d8bb15e20;
 .timescale 0 0;
    .port_info 0 /INPUT 32 "A"
    .port_info 1 /OUTPUT 1 "sign"
    .port_info 2 /OUTPUT 8 "exp"
    .port_info 3 /OUTPUT 23 "man"
v0x557d8bb635b0_0 .net "A", 31 0, v0x557d8bb72200_0;  alias, 1 drivers
v0x557d8bb63690_0 .net "exp", 7 0, L_0x557d8bb742f0;  alias, 1 drivers
v0x557d8bb63770_0 .net "man", 22 0, L_0x557d8bb743e0;  alias, 1 drivers
v0x557d8bb63830_0 .net "sign", 0 0, L_0x557d8bb741e0;  alias, 1 drivers
L_0x557d8bb741e0 .part v0x557d8bb72200_0, 31, 1;
L_0x557d8bb742f0 .part v0x557d8bb72200_0, 23, 8;
L_0x557d8bb743e0 .part v0x557d8bb72200_0, 0, 23;
S_0x557d8bb63970 .scope module, "SP2" "Split" 2 20, 4 1 0, S_0x557d8bb15e20;
 .timescale 0 0;
    .port_info 0 /INPUT 32 "A"
    .port_info 1 /OUTPUT 1 "sign"
    .port_info 2 /OUTPUT 8 "exp"
    .port_info 3 /OUTPUT 23 "man"
v0x557d8bb63b40_0 .net "A", 31 0, v0x557d8bb724c0_0;  alias, 1 drivers
v0x557d8bb63c20_0 .net "exp", 7 0, L_0x557d8bb74590;  alias, 1 drivers
v0x557d8bb63d00_0 .net "man", 22 0, L_0x557d8bb74710;  alias, 1 drivers
v0x557d8bb63df0_0 .net "sign", 0 0, L_0x557d8bb74480;  alias, 1 drivers
L_0x557d8bb74480 .part v0x557d8bb724c0_0, 31, 1;
L_0x557d8bb74590 .part v0x557d8bb724c0_0, 23, 8;
L_0x557d8bb74710 .part v0x557d8bb724c0_0, 0, 23;
S_0x557d8bb63f60 .scope module, "a1" "adder" 2 48, 5 4 0, S_0x557d8bb15e20;
 .timescale 0 0;
    .port_info 0 /OUTPUT 32 "si"
    .port_info 1 /INPUT 32 "a"
    .port_info 2 /INPUT 32 "b"
L_0x557d8bb7a220 .functor BUFZ 8, v0x557d8bb71e20_0, C4<00000000>, C4<00000000>, C4<00000000>;
L_0x7ff1ce2e30a8 .functor BUFT 1, C4<01101011>, C4<0>, C4<0>, C4<0>;
v0x557d8bb716c0_0 .net/2u *"_s27", 7 0, L_0x7ff1ce2e30a8;  1 drivers
v0x557d8bb717a0_0 .net "a", 31 0, L_0x557d8bb74b00;  alias, 1 drivers
v0x557d8bb71880_0 .net "b", 31 0, v0x557d8bb73470_0;  1 drivers
v0x557d8bb71970_0 .var/i "i", 31 0;
v0x557d8bb71a50_0 .var "si", 31 0;
v0x557d8bb71b80_0 .net "x", 263 0, L_0x557d8bb7ace0;  1 drivers
v0x557d8bb71c40_0 .net "xout", 7 0, L_0x557d8bb7a220;  1 drivers
v0x557d8bb71d20_0 .net "y", 255 0, v0x557d8bb71550_0;  1 drivers
v0x557d8bb71e20_0 .var "y_end", 7 0;
E_0x557d8bae7d20/0 .event edge, v0x557d8bb71b80_0, v0x557d8bb71550_0, v0x557d8bb71970_0, v0x557d8bb717a0_0;
E_0x557d8bae7d20/1 .event edge, v0x557d8bb71880_0;
E_0x557d8bae7d20 .event/or E_0x557d8bae7d20/0, E_0x557d8bae7d20/1;
L_0x557d8bb76a70 .part L_0x557d8bb74b00, 0, 8;
L_0x557d8bb76b10 .part v0x557d8bb73470_0, 0, 8;
L_0x557d8bb77fb0 .part L_0x557d8bb74b00, 8, 8;
L_0x557d8bb78050 .part v0x557d8bb73470_0, 8, 8;
L_0x557d8bb79590 .part L_0x557d8bb74b00, 16, 8;
L_0x557d8bb79630 .part v0x557d8bb73470_0, 16, 8;
L_0x557d8bb7ab50 .part L_0x557d8bb74b00, 24, 8;
L_0x557d8bb7abf0 .part v0x557d8bb73470_0, 24, 8;
LS_0x557d8bb7ace0_0_0 .concat8 [ 8 64 64 64], L_0x7ff1ce2e30a8, L_0x557d8bb764e0, L_0x557d8bb77910, L_0x557d8bb78ef0;
LS_0x557d8bb7ace0_0_4 .concat8 [ 64 0 0 0], L_0x557d8bb7a4b0;
L_0x557d8bb7ace0 .concat8 [ 200 64 0 0], LS_0x557d8bb7ace0_0_0, LS_0x557d8bb7ace0_0_4;
L_0x557d8bb7ae30 .part L_0x557d8bb7ace0, 0, 256;
S_0x557d8bb641f0 .scope module, "kpg_0" "kpg_gen" 5 16, 6 3 0, S_0x557d8bb63f60;
 .timescale 0 0;
    .port_info 0 /OUTPUT 64 "out"
    .port_info 1 /INPUT 8 "ai"
    .port_info 2 /INPUT 8 "bi"
v0x557d8bb67190_0 .net "ai", 7 0, L_0x557d8bb76a70;  1 drivers
v0x557d8bb67270_0 .net "bi", 7 0, L_0x557d8bb76b10;  1 drivers
v0x557d8bb67350_0 .net "out", 63 0, L_0x557d8bb764e0;  1 drivers
L_0x557d8bb75880 .part L_0x557d8bb76a70, 0, 1;
L_0x557d8bb75920 .part L_0x557d8bb76b10, 0, 1;
L_0x557d8bb759c0 .part L_0x557d8bb76a70, 1, 1;
L_0x557d8bb75ab0 .part L_0x557d8bb76b10, 1, 1;
L_0x557d8bb75ba0 .part L_0x557d8bb76a70, 2, 1;
L_0x557d8bb75c40 .part L_0x557d8bb76b10, 2, 1;
L_0x557d8bb75d20 .part L_0x557d8bb76a70, 3, 1;
L_0x557d8bb75dc0 .part L_0x557d8bb76b10, 3, 1;
L_0x557d8bb75f40 .part L_0x557d8bb76a70, 4, 1;
L_0x557d8bb75fe0 .part L_0x557d8bb76b10, 4, 1;
L_0x557d8bb760e0 .part L_0x557d8bb76a70, 5, 1;
L_0x557d8bb76180 .part L_0x557d8bb76b10, 5, 1;
L_0x557d8bb762c0 .part L_0x557d8bb76a70, 6, 1;
L_0x557d8bb76390 .part L_0x557d8bb76b10, 6, 1;
LS_0x557d8bb764e0_0_0 .concat8 [ 8 8 8 8], v0x557d8bb64890_0, v0x557d8bb64dd0_0, v0x557d8bb65390_0, v0x557d8bb65940_0;
LS_0x557d8bb764e0_0_4 .concat8 [ 8 8 8 8], v0x557d8bb65f40_0, v0x557d8bb664c0_0, v0x557d8bb66a70_0, v0x557d8bb67020_0;
L_0x557d8bb764e0 .concat8 [ 32 32 0 0], LS_0x557d8bb764e0_0_0, LS_0x557d8bb764e0_0_4;
L_0x557d8bb76730 .part L_0x557d8bb76a70, 7, 1;
L_0x557d8bb76890 .part L_0x557d8bb76b10, 7, 1;
S_0x557d8bb64450 .scope module, "kpg_0" "kpg" 6 9, 7 1 0, S_0x557d8bb641f0;
 .timescale 0 0;
    .port_info 0 /OUTPUT 8 "out"
    .port_info 1 /INPUT 1 "ai"
    .port_info 2 /INPUT 1 "bi"
v0x557d8bb646f0_0 .net "ai", 0 0, L_0x557d8bb75880;  1 drivers
v0x557d8bb647d0_0 .net "bi", 0 0, L_0x557d8bb75920;  1 drivers
v0x557d8bb64890_0 .var "out", 7 0;
E_0x557d8bb51880 .event edge, v0x557d8bb647d0_0, v0x557d8bb646f0_0;
S_0x557d8bb649d0 .scope module, "kpg_1" "kpg" 6 10, 7 1 0, S_0x557d8bb641f0;
 .timescale 0 0;
    .port_info 0 /OUTPUT 8 "out"
    .port_info 1 /INPUT 1 "ai"
    .port_info 2 /INPUT 1 "bi"
v0x557d8bb64c30_0 .net "ai", 0 0, L_0x557d8bb759c0;  1 drivers
v0x557d8bb64d10_0 .net "bi", 0 0, L_0x557d8bb75ab0;  1 drivers
v0x557d8bb64dd0_0 .var "out", 7 0;
E_0x557d8bb52140 .event edge, v0x557d8bb64d10_0, v0x557d8bb64c30_0;
S_0x557d8bb64f40 .scope module, "kpg_2" "kpg" 6 11, 7 1 0, S_0x557d8bb641f0;
 .timescale 0 0;
    .port_info 0 /OUTPUT 8 "out"
    .port_info 1 /INPUT 1 "ai"
    .port_info 2 /INPUT 1 "bi"
v0x557d8bb651f0_0 .net "ai", 0 0, L_0x557d8bb75ba0;  1 drivers
v0x557d8bb652d0_0 .net "bi", 0 0, L_0x557d8bb75c40;  1 drivers
v0x557d8bb65390_0 .var "out", 7 0;
E_0x557d8bb65190 .event edge, v0x557d8bb652d0_0, v0x557d8bb651f0_0;
S_0x557d8bb65500 .scope module, "kpg_3" "kpg" 6 12, 7 1 0, S_0x557d8bb641f0;
 .timescale 0 0;
    .port_info 0 /OUTPUT 8 "out"
    .port_info 1 /INPUT 1 "ai"
    .port_info 2 /INPUT 1 "bi"
v0x557d8bb657a0_0 .net "ai", 0 0, L_0x557d8bb75d20;  1 drivers
v0x557d8bb65880_0 .net "bi", 0 0, L_0x557d8bb75dc0;  1 drivers
v0x557d8bb65940_0 .var "out", 7 0;
E_0x557d8bb65720 .event edge, v0x557d8bb65880_0, v0x557d8bb657a0_0;
S_0x557d8bb65ab0 .scope module, "kpg_4" "kpg" 6 13, 7 1 0, S_0x557d8bb641f0;
 .timescale 0 0;
    .port_info 0 /OUTPUT 8 "out"
    .port_info 1 /INPUT 1 "ai"
    .port_info 2 /INPUT 1 "bi"
v0x557d8bb65da0_0 .net "ai", 0 0, L_0x557d8bb75f40;  1 drivers
v0x557d8bb65e80_0 .net "bi", 0 0, L_0x557d8bb75fe0;  1 drivers
v0x557d8bb65f40_0 .var "out", 7 0;
E_0x557d8bb65d20 .event edge, v0x557d8bb65e80_0, v0x557d8bb65da0_0;
S_0x557d8bb66080 .scope module, "kpg_5" "kpg" 6 14, 7 1 0, S_0x557d8bb641f0;
 .timescale 0 0;
    .port_info 0 /OUTPUT 8 "out"
    .port_info 1 /INPUT 1 "ai"
    .port_info 2 /INPUT 1 "bi"
v0x557d8bb66320_0 .net "ai", 0 0, L_0x557d8bb760e0;  1 drivers
v0x557d8bb66400_0 .net "bi", 0 0, L_0x557d8bb76180;  1 drivers
v0x557d8bb664c0_0 .var "out", 7 0;
E_0x557d8bb662a0 .event edge, v0x557d8bb66400_0, v0x557d8bb66320_0;
S_0x557d8bb66630 .scope module, "kpg_6" "kpg" 6 15, 7 1 0, S_0x557d8bb641f0;
 .timescale 0 0;
    .port_info 0 /OUTPUT 8 "out"
    .port_info 1 /INPUT 1 "ai"
    .port_info 2 /INPUT 1 "bi"
v0x557d8bb668d0_0 .net "ai", 0 0, L_0x557d8bb762c0;  1 drivers
v0x557d8bb669b0_0 .net "bi", 0 0, L_0x557d8bb76390;  1 drivers
v0x557d8bb66a70_0 .var "out", 7 0;
E_0x557d8bb66850 .event edge, v0x557d8bb669b0_0, v0x557d8bb668d0_0;
S_0x557d8bb66be0 .scope module, "kpg_7" "kpg" 6 16, 7 1 0, S_0x557d8bb641f0;
 .timescale 0 0;
    .port_info 0 /OUTPUT 8 "out"
    .port_info 1 /INPUT 1 "ai"
    .port_info 2 /INPUT 1 "bi"
v0x557d8bb66e80_0 .net "ai", 0 0, L_0x557d8bb76730;  1 drivers
v0x557d8bb66f60_0 .net "bi", 0 0, L_0x557d8bb76890;  1 drivers
v0x557d8bb67020_0 .var "out", 7 0;
E_0x557d8bb66e00 .event edge, v0x557d8bb66f60_0, v0x557d8bb66e80_0;
S_0x557d8bb674d0 .scope module, "kpg_1" "kpg_gen" 5 17, 6 3 0, S_0x557d8bb63f60;
 .timescale 0 0;
    .port_info 0 /OUTPUT 64 "out"
    .port_info 1 /INPUT 8 "ai"
    .port_info 2 /INPUT 8 "bi"
v0x557d8bb6a4e0_0 .net "ai", 7 0, L_0x557d8bb77fb0;  1 drivers
v0x557d8bb6a5c0_0 .net "bi", 7 0, L_0x557d8bb78050;  1 drivers
v0x557d8bb6a6a0_0 .net "out", 63 0, L_0x557d8bb77910;  1 drivers
L_0x557d8bb76bb0 .part L_0x557d8bb77fb0, 0, 1;
L_0x557d8bb76c80 .part L_0x557d8bb78050, 0, 1;
L_0x557d8bb76d80 .part L_0x557d8bb77fb0, 1, 1;
L_0x557d8bb76e50 .part L_0x557d8bb78050, 1, 1;
L_0x557d8bb76f70 .part L_0x557d8bb77fb0, 2, 1;
L_0x557d8bb77010 .part L_0x557d8bb78050, 2, 1;
L_0x557d8bb77120 .part L_0x557d8bb77fb0, 3, 1;
L_0x557d8bb771c0 .part L_0x557d8bb78050, 3, 1;
L_0x557d8bb772e0 .part L_0x557d8bb77fb0, 4, 1;
L_0x557d8bb773b0 .part L_0x557d8bb78050, 4, 1;
L_0x557d8bb774e0 .part L_0x557d8bb77fb0, 5, 1;
L_0x557d8bb775b0 .part L_0x557d8bb78050, 5, 1;
L_0x557d8bb776f0 .part L_0x557d8bb77fb0, 6, 1;
L_0x557d8bb777c0 .part L_0x557d8bb78050, 6, 1;
LS_0x557d8bb77910_0_0 .concat8 [ 8 8 8 8], v0x557d8bb67b70_0, v0x557d8bb68120_0, v0x557d8bb686e0_0, v0x557d8bb68c90_0;
LS_0x557d8bb77910_0_4 .concat8 [ 8 8 8 8], v0x557d8bb69290_0, v0x557d8bb69810_0, v0x557d8bb69dc0_0, v0x557d8bb6a370_0;
L_0x557d8bb77910 .concat8 [ 32 32 0 0], LS_0x557d8bb77910_0_0, LS_0x557d8bb77910_0_4;
L_0x557d8bb77b60 .part L_0x557d8bb77fb0, 7, 1;
L_0x557d8bb77dd0 .part L_0x557d8bb78050, 7, 1;
S_0x557d8bb676f0 .scope module, "kpg_0" "kpg" 6 9, 7 1 0, S_0x557d8bb674d0;
 .timescale 0 0;
    .port_info 0 /OUTPUT 8 "out"
    .port_info 1 /INPUT 1 "ai"
    .port_info 2 /INPUT 1 "bi"
v0x557d8bb679d0_0 .net "ai", 0 0, L_0x557d8bb76bb0;  1 drivers
v0x557d8bb67ab0_0 .net "bi", 0 0, L_0x557d8bb76c80;  1 drivers
v0x557d8bb67b70_0 .var "out", 7 0;
E_0x557d8bb67950 .event edge, v0x557d8bb67ab0_0, v0x557d8bb679d0_0;
S_0x557d8bb67ce0 .scope module, "kpg_1" "kpg" 6 10, 7 1 0, S_0x557d8bb674d0;
 .timescale 0 0;
    .port_info 0 /OUTPUT 8 "out"
    .port_info 1 /INPUT 1 "ai"
    .port_info 2 /INPUT 1 "bi"
v0x557d8bb67f80_0 .net "ai", 0 0, L_0x557d8bb76d80;  1 drivers
v0x557d8bb68060_0 .net "bi", 0 0, L_0x557d8bb76e50;  1 drivers
v0x557d8bb68120_0 .var "out", 7 0;
E_0x557d8bb67f00 .event edge, v0x557d8bb68060_0, v0x557d8bb67f80_0;
S_0x557d8bb68290 .scope module, "kpg_2" "kpg" 6 11, 7 1 0, S_0x557d8bb674d0;
 .timescale 0 0;
    .port_info 0 /OUTPUT 8 "out"
    .port_info 1 /INPUT 1 "ai"
    .port_info 2 /INPUT 1 "bi"
v0x557d8bb68540_0 .net "ai", 0 0, L_0x557d8bb76f70;  1 drivers
v0x557d8bb68620_0 .net "bi", 0 0, L_0x557d8bb77010;  1 drivers
v0x557d8bb686e0_0 .var "out", 7 0;
E_0x557d8bb684e0 .event edge, v0x557d8bb68620_0, v0x557d8bb68540_0;
S_0x557d8bb68850 .scope module, "kpg_3" "kpg" 6 12, 7 1 0, S_0x557d8bb674d0;
 .timescale 0 0;
    .port_info 0 /OUTPUT 8 "out"
    .port_info 1 /INPUT 1 "ai"
    .port_info 2 /INPUT 1 "bi"
v0x557d8bb68af0_0 .net "ai", 0 0, L_0x557d8bb77120;  1 drivers
v0x557d8bb68bd0_0 .net "bi", 0 0, L_0x557d8bb771c0;  1 drivers
v0x557d8bb68c90_0 .var "out", 7 0;
E_0x557d8bb68a70 .event edge, v0x557d8bb68bd0_0, v0x557d8bb68af0_0;
S_0x557d8bb68e00 .scope module, "kpg_4" "kpg" 6 13, 7 1 0, S_0x557d8bb674d0;
 .timescale 0 0;
    .port_info 0 /OUTPUT 8 "out"
    .port_info 1 /INPUT 1 "ai"
    .port_info 2 /INPUT 1 "bi"
v0x557d8bb690f0_0 .net "ai", 0 0, L_0x557d8bb772e0;  1 drivers
v0x557d8bb691d0_0 .net "bi", 0 0, L_0x557d8bb773b0;  1 drivers
v0x557d8bb69290_0 .var "out", 7 0;
E_0x557d8bb69070 .event edge, v0x557d8bb691d0_0, v0x557d8bb690f0_0;
S_0x557d8bb693d0 .scope module, "kpg_5" "kpg" 6 14, 7 1 0, S_0x557d8bb674d0;
 .timescale 0 0;
    .port_info 0 /OUTPUT 8 "out"
    .port_info 1 /INPUT 1 "ai"
    .port_info 2 /INPUT 1 "bi"
v0x557d8bb69670_0 .net "ai", 0 0, L_0x557d8bb774e0;  1 drivers
v0x557d8bb69750_0 .net "bi", 0 0, L_0x557d8bb775b0;  1 drivers
v0x557d8bb69810_0 .var "out", 7 0;
E_0x557d8bb695f0 .event edge, v0x557d8bb69750_0, v0x557d8bb69670_0;
S_0x557d8bb69980 .scope module, "kpg_6" "kpg" 6 15, 7 1 0, S_0x557d8bb674d0;
 .timescale 0 0;
    .port_info 0 /OUTPUT 8 "out"
    .port_info 1 /INPUT 1 "ai"
    .port_info 2 /INPUT 1 "bi"
v0x557d8bb69c20_0 .net "ai", 0 0, L_0x557d8bb776f0;  1 drivers
v0x557d8bb69d00_0 .net "bi", 0 0, L_0x557d8bb777c0;  1 drivers
v0x557d8bb69dc0_0 .var "out", 7 0;
E_0x557d8bb69ba0 .event edge, v0x557d8bb69d00_0, v0x557d8bb69c20_0;
S_0x557d8bb69f30 .scope module, "kpg_7" "kpg" 6 16, 7 1 0, S_0x557d8bb674d0;
 .timescale 0 0;
    .port_info 0 /OUTPUT 8 "out"
    .port_info 1 /INPUT 1 "ai"
    .port_info 2 /INPUT 1 "bi"
v0x557d8bb6a1d0_0 .net "ai", 0 0, L_0x557d8bb77b60;  1 drivers
v0x557d8bb6a2b0_0 .net "bi", 0 0, L_0x557d8bb77dd0;  1 drivers
v0x557d8bb6a370_0 .var "out", 7 0;
E_0x557d8bb6a150 .event edge, v0x557d8bb6a2b0_0, v0x557d8bb6a1d0_0;
S_0x557d8bb6a820 .scope module, "kpg_2" "kpg_gen" 5 18, 6 3 0, S_0x557d8bb63f60;
 .timescale 0 0;
    .port_info 0 /OUTPUT 64 "out"
    .port_info 1 /INPUT 8 "ai"
    .port_info 2 /INPUT 8 "bi"
v0x557d8bb6d840_0 .net "ai", 7 0, L_0x557d8bb79590;  1 drivers
v0x557d8bb6d920_0 .net "bi", 7 0, L_0x557d8bb79630;  1 drivers
v0x557d8bb6da00_0 .net "out", 63 0, L_0x557d8bb78ef0;  1 drivers
L_0x557d8bb78120 .part L_0x557d8bb79590, 0, 1;
L_0x557d8bb78220 .part L_0x557d8bb79630, 0, 1;
L_0x557d8bb78320 .part L_0x557d8bb79590, 1, 1;
L_0x557d8bb783f0 .part L_0x557d8bb79630, 1, 1;
L_0x557d8bb784c0 .part L_0x557d8bb79590, 2, 1;
L_0x557d8bb78560 .part L_0x557d8bb79630, 2, 1;
L_0x557d8bb78670 .part L_0x557d8bb79590, 3, 1;
L_0x557d8bb78710 .part L_0x557d8bb79630, 3, 1;
L_0x557d8bb788c0 .part L_0x557d8bb79590, 4, 1;
L_0x557d8bb78990 .part L_0x557d8bb79630, 4, 1;
L_0x557d8bb78ac0 .part L_0x557d8bb79590, 5, 1;
L_0x557d8bb78b90 .part L_0x557d8bb79630, 5, 1;
L_0x557d8bb78cd0 .part L_0x557d8bb79590, 6, 1;
L_0x557d8bb78da0 .part L_0x557d8bb79630, 6, 1;
LS_0x557d8bb78ef0_0_0 .concat8 [ 8 8 8 8], v0x557d8bb6aed0_0, v0x557d8bb6b480_0, v0x557d8bb6ba40_0, v0x557d8bb6bff0_0;
LS_0x557d8bb78ef0_0_4 .concat8 [ 8 8 8 8], v0x557d8bb6c5f0_0, v0x557d8bb6cb70_0, v0x557d8bb6d120_0, v0x557d8bb6d6d0_0;
L_0x557d8bb78ef0 .concat8 [ 32 32 0 0], LS_0x557d8bb78ef0_0_0, LS_0x557d8bb78ef0_0_4;
L_0x557d8bb79140 .part L_0x557d8bb79590, 7, 1;
L_0x557d8bb793b0 .part L_0x557d8bb79630, 7, 1;
S_0x557d8bb6aa70 .scope module, "kpg_0" "kpg" 6 9, 7 1 0, S_0x557d8bb6a820;
 .timescale 0 0;
    .port_info 0 /OUTPUT 8 "out"
    .port_info 1 /INPUT 1 "ai"
    .port_info 2 /INPUT 1 "bi"
v0x557d8bb6ad30_0 .net "ai", 0 0, L_0x557d8bb78120;  1 drivers
v0x557d8bb6ae10_0 .net "bi", 0 0, L_0x557d8bb78220;  1 drivers
v0x557d8bb6aed0_0 .var "out", 7 0;
E_0x557d8bb6acb0 .event edge, v0x557d8bb6ae10_0, v0x557d8bb6ad30_0;
S_0x557d8bb6b040 .scope module, "kpg_1" "kpg" 6 10, 7 1 0, S_0x557d8bb6a820;
 .timescale 0 0;
    .port_info 0 /OUTPUT 8 "out"
    .port_info 1 /INPUT 1 "ai"
    .port_info 2 /INPUT 1 "bi"
v0x557d8bb6b2e0_0 .net "ai", 0 0, L_0x557d8bb78320;  1 drivers
v0x557d8bb6b3c0_0 .net "bi", 0 0, L_0x557d8bb783f0;  1 drivers
v0x557d8bb6b480_0 .var "out", 7 0;
E_0x557d8bb6b260 .event edge, v0x557d8bb6b3c0_0, v0x557d8bb6b2e0_0;
S_0x557d8bb6b5f0 .scope module, "kpg_2" "kpg" 6 11, 7 1 0, S_0x557d8bb6a820;
 .timescale 0 0;
    .port_info 0 /OUTPUT 8 "out"
    .port_info 1 /INPUT 1 "ai"
    .port_info 2 /INPUT 1 "bi"
v0x557d8bb6b8a0_0 .net "ai", 0 0, L_0x557d8bb784c0;  1 drivers
v0x557d8bb6b980_0 .net "bi", 0 0, L_0x557d8bb78560;  1 drivers
v0x557d8bb6ba40_0 .var "out", 7 0;
E_0x557d8bb6b840 .event edge, v0x557d8bb6b980_0, v0x557d8bb6b8a0_0;
S_0x557d8bb6bbb0 .scope module, "kpg_3" "kpg" 6 12, 7 1 0, S_0x557d8bb6a820;
 .timescale 0 0;
    .port_info 0 /OUTPUT 8 "out"
    .port_info 1 /INPUT 1 "ai"
    .port_info 2 /INPUT 1 "bi"
v0x557d8bb6be50_0 .net "ai", 0 0, L_0x557d8bb78670;  1 drivers
v0x557d8bb6bf30_0 .net "bi", 0 0, L_0x557d8bb78710;  1 drivers
v0x557d8bb6bff0_0 .var "out", 7 0;
E_0x557d8bb6bdd0 .event edge, v0x557d8bb6bf30_0, v0x557d8bb6be50_0;
S_0x557d8bb6c160 .scope module, "kpg_4" "kpg" 6 13, 7 1 0, S_0x557d8bb6a820;
 .timescale 0 0;
    .port_info 0 /OUTPUT 8 "out"
    .port_info 1 /INPUT 1 "ai"
    .port_info 2 /INPUT 1 "bi"
v0x557d8bb6c450_0 .net "ai", 0 0, L_0x557d8bb788c0;  1 drivers
v0x557d8bb6c530_0 .net "bi", 0 0, L_0x557d8bb78990;  1 drivers
v0x557d8bb6c5f0_0 .var "out", 7 0;
E_0x557d8bb6c3d0 .event edge, v0x557d8bb6c530_0, v0x557d8bb6c450_0;
S_0x557d8bb6c730 .scope module, "kpg_5" "kpg" 6 14, 7 1 0, S_0x557d8bb6a820;
 .timescale 0 0;
    .port_info 0 /OUTPUT 8 "out"
    .port_info 1 /INPUT 1 "ai"
    .port_info 2 /INPUT 1 "bi"
v0x557d8bb6c9d0_0 .net "ai", 0 0, L_0x557d8bb78ac0;  1 drivers
v0x557d8bb6cab0_0 .net "bi", 0 0, L_0x557d8bb78b90;  1 drivers
v0x557d8bb6cb70_0 .var "out", 7 0;
E_0x557d8bb6c950 .event edge, v0x557d8bb6cab0_0, v0x557d8bb6c9d0_0;
S_0x557d8bb6cce0 .scope module, "kpg_6" "kpg" 6 15, 7 1 0, S_0x557d8bb6a820;
 .timescale 0 0;
    .port_info 0 /OUTPUT 8 "out"
    .port_info 1 /INPUT 1 "ai"
    .port_info 2 /INPUT 1 "bi"
v0x557d8bb6cf80_0 .net "ai", 0 0, L_0x557d8bb78cd0;  1 drivers
v0x557d8bb6d060_0 .net "bi", 0 0, L_0x557d8bb78da0;  1 drivers
v0x557d8bb6d120_0 .var "out", 7 0;
E_0x557d8bb6cf00 .event edge, v0x557d8bb6d060_0, v0x557d8bb6cf80_0;
S_0x557d8bb6d290 .scope module, "kpg_7" "kpg" 6 16, 7 1 0, S_0x557d8bb6a820;
 .timescale 0 0;
    .port_info 0 /OUTPUT 8 "out"
    .port_info 1 /INPUT 1 "ai"
    .port_info 2 /INPUT 1 "bi"
v0x557d8bb6d530_0 .net "ai", 0 0, L_0x557d8bb79140;  1 drivers
v0x557d8bb6d610_0 .net "bi", 0 0, L_0x557d8bb793b0;  1 drivers
v0x557d8bb6d6d0_0 .var "out", 7 0;
E_0x557d8bb6d4b0 .event edge, v0x557d8bb6d610_0, v0x557d8bb6d530_0;
S_0x557d8bb6db80 .scope module, "kpg_3" "kpg_gen" 5 19, 6 3 0, S_0x557d8bb63f60;
 .timescale 0 0;
    .port_info 0 /OUTPUT 64 "out"
    .port_info 1 /INPUT 8 "ai"
    .port_info 2 /INPUT 8 "bi"
v0x557d8bb70b90_0 .net "ai", 7 0, L_0x557d8bb7ab50;  1 drivers
v0x557d8bb70c70_0 .net "bi", 7 0, L_0x557d8bb7abf0;  1 drivers
v0x557d8bb70d50_0 .net "out", 63 0, L_0x557d8bb7a4b0;  1 drivers
L_0x557d8bb79710 .part L_0x557d8bb7ab50, 0, 1;
L_0x557d8bb797e0 .part L_0x557d8bb7abf0, 0, 1;
L_0x557d8bb798e0 .part L_0x557d8bb7ab50, 1, 1;
L_0x557d8bb799b0 .part L_0x557d8bb7abf0, 1, 1;
L_0x557d8bb79a80 .part L_0x557d8bb7ab50, 2, 1;
L_0x557d8bb79b20 .part L_0x557d8bb7abf0, 2, 1;
L_0x557d8bb79c30 .part L_0x557d8bb7ab50, 3, 1;
L_0x557d8bb79cd0 .part L_0x557d8bb7abf0, 3, 1;
L_0x557d8bb79e80 .part L_0x557d8bb7ab50, 4, 1;
L_0x557d8bb79f50 .part L_0x557d8bb7abf0, 4, 1;
L_0x557d8bb7a080 .part L_0x557d8bb7ab50, 5, 1;
L_0x557d8bb7a150 .part L_0x557d8bb7abf0, 5, 1;
L_0x557d8bb7a290 .part L_0x557d8bb7ab50, 6, 1;
L_0x557d8bb7a360 .part L_0x557d8bb7abf0, 6, 1;
LS_0x557d8bb7a4b0_0_0 .concat8 [ 8 8 8 8], v0x557d8bb6e220_0, v0x557d8bb6e7d0_0, v0x557d8bb6ed90_0, v0x557d8bb6f340_0;
LS_0x557d8bb7a4b0_0_4 .concat8 [ 8 8 8 8], v0x557d8bb6f940_0, v0x557d8bb6fec0_0, v0x557d8bb70470_0, v0x557d8bb70a20_0;
L_0x557d8bb7a4b0 .concat8 [ 32 32 0 0], LS_0x557d8bb7a4b0_0_0, LS_0x557d8bb7a4b0_0_4;
L_0x557d8bb7a700 .part L_0x557d8bb7ab50, 7, 1;
L_0x557d8bb7a970 .part L_0x557d8bb7abf0, 7, 1;
S_0x557d8bb6dda0 .scope module, "kpg_0" "kpg" 6 9, 7 1 0, S_0x557d8bb6db80;
 .timescale 0 0;
    .port_info 0 /OUTPUT 8 "out"
    .port_info 1 /INPUT 1 "ai"
    .port_info 2 /INPUT 1 "bi"
v0x557d8bb6e080_0 .net "ai", 0 0, L_0x557d8bb79710;  1 drivers
v0x557d8bb6e160_0 .net "bi", 0 0, L_0x557d8bb797e0;  1 drivers
v0x557d8bb6e220_0 .var "out", 7 0;
E_0x557d8bb6e000 .event edge, v0x557d8bb6e160_0, v0x557d8bb6e080_0;
S_0x557d8bb6e390 .scope module, "kpg_1" "kpg" 6 10, 7 1 0, S_0x557d8bb6db80;
 .timescale 0 0;
    .port_info 0 /OUTPUT 8 "out"
    .port_info 1 /INPUT 1 "ai"
    .port_info 2 /INPUT 1 "bi"
v0x557d8bb6e630_0 .net "ai", 0 0, L_0x557d8bb798e0;  1 drivers
v0x557d8bb6e710_0 .net "bi", 0 0, L_0x557d8bb799b0;  1 drivers
v0x557d8bb6e7d0_0 .var "out", 7 0;
E_0x557d8bb6e5b0 .event edge, v0x557d8bb6e710_0, v0x557d8bb6e630_0;
S_0x557d8bb6e940 .scope module, "kpg_2" "kpg" 6 11, 7 1 0, S_0x557d8bb6db80;
 .timescale 0 0;
    .port_info 0 /OUTPUT 8 "out"
    .port_info 1 /INPUT 1 "ai"
    .port_info 2 /INPUT 1 "bi"
v0x557d8bb6ebf0_0 .net "ai", 0 0, L_0x557d8bb79a80;  1 drivers
v0x557d8bb6ecd0_0 .net "bi", 0 0, L_0x557d8bb79b20;  1 drivers
v0x557d8bb6ed90_0 .var "out", 7 0;
E_0x557d8bb6eb90 .event edge, v0x557d8bb6ecd0_0, v0x557d8bb6ebf0_0;
S_0x557d8bb6ef00 .scope module, "kpg_3" "kpg" 6 12, 7 1 0, S_0x557d8bb6db80;
 .timescale 0 0;
    .port_info 0 /OUTPUT 8 "out"
    .port_info 1 /INPUT 1 "ai"
    .port_info 2 /INPUT 1 "bi"
v0x557d8bb6f1a0_0 .net "ai", 0 0, L_0x557d8bb79c30;  1 drivers
v0x557d8bb6f280_0 .net "bi", 0 0, L_0x557d8bb79cd0;  1 drivers
v0x557d8bb6f340_0 .var "out", 7 0;
E_0x557d8bb6f120 .event edge, v0x557d8bb6f280_0, v0x557d8bb6f1a0_0;
S_0x557d8bb6f4b0 .scope module, "kpg_4" "kpg" 6 13, 7 1 0, S_0x557d8bb6db80;
 .timescale 0 0;
    .port_info 0 /OUTPUT 8 "out"
    .port_info 1 /INPUT 1 "ai"
    .port_info 2 /INPUT 1 "bi"
v0x557d8bb6f7a0_0 .net "ai", 0 0, L_0x557d8bb79e80;  1 drivers
v0x557d8bb6f880_0 .net "bi", 0 0, L_0x557d8bb79f50;  1 drivers
v0x557d8bb6f940_0 .var "out", 7 0;
E_0x557d8bb6f720 .event edge, v0x557d8bb6f880_0, v0x557d8bb6f7a0_0;
S_0x557d8bb6fa80 .scope module, "kpg_5" "kpg" 6 14, 7 1 0, S_0x557d8bb6db80;
 .timescale 0 0;
    .port_info 0 /OUTPUT 8 "out"
    .port_info 1 /INPUT 1 "ai"
    .port_info 2 /INPUT 1 "bi"
v0x557d8bb6fd20_0 .net "ai", 0 0, L_0x557d8bb7a080;  1 drivers
v0x557d8bb6fe00_0 .net "bi", 0 0, L_0x557d8bb7a150;  1 drivers
v0x557d8bb6fec0_0 .var "out", 7 0;
E_0x557d8bb6fca0 .event edge, v0x557d8bb6fe00_0, v0x557d8bb6fd20_0;
S_0x557d8bb70030 .scope module, "kpg_6" "kpg" 6 15, 7 1 0, S_0x557d8bb6db80;
 .timescale 0 0;
    .port_info 0 /OUTPUT 8 "out"
    .port_info 1 /INPUT 1 "ai"
    .port_info 2 /INPUT 1 "bi"
v0x557d8bb702d0_0 .net "ai", 0 0, L_0x557d8bb7a290;  1 drivers
v0x557d8bb703b0_0 .net "bi", 0 0, L_0x557d8bb7a360;  1 drivers
v0x557d8bb70470_0 .var "out", 7 0;
E_0x557d8bb70250 .event edge, v0x557d8bb703b0_0, v0x557d8bb702d0_0;
S_0x557d8bb705e0 .scope module, "kpg_7" "kpg" 6 16, 7 1 0, S_0x557d8bb6db80;
 .timescale 0 0;
    .port_info 0 /OUTPUT 8 "out"
    .port_info 1 /INPUT 1 "ai"
    .port_info 2 /INPUT 1 "bi"
v0x557d8bb70880_0 .net "ai", 0 0, L_0x557d8bb7a700;  1 drivers
v0x557d8bb70960_0 .net "bi", 0 0, L_0x557d8bb7a970;  1 drivers
v0x557d8bb70a20_0 .var "out", 7 0;
E_0x557d8bb70800 .event edge, v0x557d8bb70960_0, v0x557d8bb70880_0;
S_0x557d8bb70ed0 .scope module, "ppc_0" "ppc" 5 23, 8 1 0, S_0x557d8bb63f60;
 .timescale 0 0;
    .port_info 0 /OUTPUT 256 "y"
    .port_info 1 /INPUT 256 "x"
v0x557d8bb711c0_0 .var/i "i", 31 0;
v0x557d8bb712c0_0 .var/i "j", 31 0;
v0x557d8bb713a0_0 .var/i "n", 31 0;
v0x557d8bb71460_0 .net "x", 255 0, L_0x557d8bb7ae30;  1 drivers
v0x557d8bb71550_0 .var "y", 255 0;
E_0x557d8bb71130/0 .event edge, v0x557d8bb711c0_0, v0x557d8bb713a0_0, v0x557d8bb71460_0, v0x557d8bb712c0_0;
E_0x557d8bb71130/1 .event edge, v0x557d8bb71550_0;
E_0x557d8bb71130 .event/or E_0x557d8bb71130/0, E_0x557d8bb71130/1;
S_0x557d8bb71f60 .scope module, "c" "Check" 2 12, 9 2 0, S_0x557d8bb15e20;
 .timescale 0 0;
    .port_info 0 /INPUT 32 "Exp1"
    .port_info 1 /INPUT 32 "Exp2"
    .port_info 2 /OUTPUT 32 "Big"
    .port_info 3 /OUTPUT 32 "Small"
L_0x557d8bb74080 .functor OR 32, v0x557d8bb72bb0_0, v0x557d8bb72c80_0, C4<00000000000000000000000000000000>, C4<00000000000000000000000000000000>;
v0x557d8bb72200_0 .var "Big", 31 0;
v0x557d8bb72310_0 .net "Exp1", 31 0, v0x557d8bb72bb0_0;  1 drivers
v0x557d8bb723d0_0 .net "Exp2", 31 0, v0x557d8bb72c80_0;  1 drivers
v0x557d8bb724c0_0 .var "Small", 31 0;
v0x557d8bb725b0_0 .net *"_s1", 31 0, L_0x557d8bb74080;  1 drivers
E_0x557d8bb721a0 .event edge, L_0x557d8bb74080;
    .scope S_0x557d8bb71f60;
T_0 ;
    %wait E_0x557d8bb721a0;
    %load/vec4 v0x557d8bb72310_0;
    %parti/s 31, 0, 2;
    %load/vec4 v0x557d8bb723d0_0;
    %parti/s 31, 0, 2;
    %cmp/u;
    %jmp/0xz  T_0.0, 5;
    %load/vec4 v0x557d8bb72310_0;
    %store/vec4 v0x557d8bb724c0_0, 0, 32;
    %load/vec4 v0x557d8bb723d0_0;
    %store/vec4 v0x557d8bb72200_0, 0, 32;
    %jmp T_0.1;
T_0.0 ;
    %load/vec4 v0x557d8bb72310_0;
    %store/vec4 v0x557d8bb72200_0, 0, 32;
    %load/vec4 v0x557d8bb723d0_0;
    %store/vec4 v0x557d8bb724c0_0, 0, 32;
T_0.1 ;
    %jmp T_0;
    .thread T_0, $push;
    .scope S_0x557d8bb64450;
T_1 ;
    %wait E_0x557d8bb51880;
    %load/vec4 v0x557d8bb646f0_0;
    %load/vec4 v0x557d8bb647d0_0;
    %cmp/e;
    %jmp/0xz  T_1.0, 4;
    %load/vec4 v0x557d8bb646f0_0;
    %pad/u 32;
    %cmpi/e 0, 0, 32;
    %jmp/0xz  T_1.2, 4;
    %pushi/vec4 107, 0, 8; draw_string_vec4
    %store/vec4 v0x557d8bb64890_0, 0, 8;
    %jmp T_1.3;
T_1.2 ;
    %pushi/vec4 103, 0, 8; draw_string_vec4
    %store/vec4 v0x557d8bb64890_0, 0, 8;
T_1.3 ;
    %jmp T_1.1;
T_1.0 ;
    %pushi/vec4 112, 0, 8; draw_string_vec4
    %store/vec4 v0x557d8bb64890_0, 0, 8;
T_1.1 ;
    %jmp T_1;
    .thread T_1, $push;
    .scope S_0x557d8bb649d0;
T_2 ;
    %wait E_0x557d8bb52140;
    %load/vec4 v0x557d8bb64c30_0;
    %load/vec4 v0x557d8bb64d10_0;
    %cmp/e;
    %jmp/0xz  T_2.0, 4;
    %load/vec4 v0x557d8bb64c30_0;
    %pad/u 32;
    %cmpi/e 0, 0, 32;
    %jmp/0xz  T_2.2, 4;
    %pushi/vec4 107, 0, 8; draw_string_vec4
    %store/vec4 v0x557d8bb64dd0_0, 0, 8;
    %jmp T_2.3;
T_2.2 ;
    %pushi/vec4 103, 0, 8; draw_string_vec4
    %store/vec4 v0x557d8bb64dd0_0, 0, 8;
T_2.3 ;
    %jmp T_2.1;
T_2.0 ;
    %pushi/vec4 112, 0, 8; draw_string_vec4
    %store/vec4 v0x557d8bb64dd0_0, 0, 8;
T_2.1 ;
    %jmp T_2;
    .thread T_2, $push;
    .scope S_0x557d8bb64f40;
T_3 ;
    %wait E_0x557d8bb65190;
    %load/vec4 v0x557d8bb651f0_0;
    %load/vec4 v0x557d8bb652d0_0;
    %cmp/e;
    %jmp/0xz  T_3.0, 4;
    %load/vec4 v0x557d8bb651f0_0;
    %pad/u 32;
    %cmpi/e 0, 0, 32;
    %jmp/0xz  T_3.2, 4;
    %pushi/vec4 107, 0, 8; draw_string_vec4
    %store/vec4 v0x557d8bb65390_0, 0, 8;
    %jmp T_3.3;
T_3.2 ;
    %pushi/vec4 103, 0, 8; draw_string_vec4
    %store/vec4 v0x557d8bb65390_0, 0, 8;
T_3.3 ;
    %jmp T_3.1;
T_3.0 ;
    %pushi/vec4 112, 0, 8; draw_string_vec4
    %store/vec4 v0x557d8bb65390_0, 0, 8;
T_3.1 ;
    %jmp T_3;
    .thread T_3, $push;
    .scope S_0x557d8bb65500;
T_4 ;
    %wait E_0x557d8bb65720;
    %load/vec4 v0x557d8bb657a0_0;
    %load/vec4 v0x557d8bb65880_0;
    %cmp/e;
    %jmp/0xz  T_4.0, 4;
    %load/vec4 v0x557d8bb657a0_0;
    %pad/u 32;
    %cmpi/e 0, 0, 32;
    %jmp/0xz  T_4.2, 4;
    %pushi/vec4 107, 0, 8; draw_string_vec4
    %store/vec4 v0x557d8bb65940_0, 0, 8;
    %jmp T_4.3;
T_4.2 ;
    %pushi/vec4 103, 0, 8; draw_string_vec4
    %store/vec4 v0x557d8bb65940_0, 0, 8;
T_4.3 ;
    %jmp T_4.1;
T_4.0 ;
    %pushi/vec4 112, 0, 8; draw_string_vec4
    %store/vec4 v0x557d8bb65940_0, 0, 8;
T_4.1 ;
    %jmp T_4;
    .thread T_4, $push;
    .scope S_0x557d8bb65ab0;
T_5 ;
    %wait E_0x557d8bb65d20;
    %load/vec4 v0x557d8bb65da0_0;
    %load/vec4 v0x557d8bb65e80_0;
    %cmp/e;
    %jmp/0xz  T_5.0, 4;
    %load/vec4 v0x557d8bb65da0_0;
    %pad/u 32;
    %cmpi/e 0, 0, 32;
    %jmp/0xz  T_5.2, 4;
    %pushi/vec4 107, 0, 8; draw_string_vec4
    %store/vec4 v0x557d8bb65f40_0, 0, 8;
    %jmp T_5.3;
T_5.2 ;
    %pushi/vec4 103, 0, 8; draw_string_vec4
    %store/vec4 v0x557d8bb65f40_0, 0, 8;
T_5.3 ;
    %jmp T_5.1;
T_5.0 ;
    %pushi/vec4 112, 0, 8; draw_string_vec4
    %store/vec4 v0x557d8bb65f40_0, 0, 8;
T_5.1 ;
    %jmp T_5;
    .thread T_5, $push;
    .scope S_0x557d8bb66080;
T_6 ;
    %wait E_0x557d8bb662a0;
    %load/vec4 v0x557d8bb66320_0;
    %load/vec4 v0x557d8bb66400_0;
    %cmp/e;
    %jmp/0xz  T_6.0, 4;
    %load/vec4 v0x557d8bb66320_0;
    %pad/u 32;
    %cmpi/e 0, 0, 32;
    %jmp/0xz  T_6.2, 4;
    %pushi/vec4 107, 0, 8; draw_string_vec4
    %store/vec4 v0x557d8bb664c0_0, 0, 8;
    %jmp T_6.3;
T_6.2 ;
    %pushi/vec4 103, 0, 8; draw_string_vec4
    %store/vec4 v0x557d8bb664c0_0, 0, 8;
T_6.3 ;
    %jmp T_6.1;
T_6.0 ;
    %pushi/vec4 112, 0, 8; draw_string_vec4
    %store/vec4 v0x557d8bb664c0_0, 0, 8;
T_6.1 ;
    %jmp T_6;
    .thread T_6, $push;
    .scope S_0x557d8bb66630;
T_7 ;
    %wait E_0x557d8bb66850;
    %load/vec4 v0x557d8bb668d0_0;
    %load/vec4 v0x557d8bb669b0_0;
    %cmp/e;
    %jmp/0xz  T_7.0, 4;
    %load/vec4 v0x557d8bb668d0_0;
    %pad/u 32;
    %cmpi/e 0, 0, 32;
    %jmp/0xz  T_7.2, 4;
    %pushi/vec4 107, 0, 8; draw_string_vec4
    %store/vec4 v0x557d8bb66a70_0, 0, 8;
    %jmp T_7.3;
T_7.2 ;
    %pushi/vec4 103, 0, 8; draw_string_vec4
    %store/vec4 v0x557d8bb66a70_0, 0, 8;
T_7.3 ;
    %jmp T_7.1;
T_7.0 ;
    %pushi/vec4 112, 0, 8; draw_string_vec4
    %store/vec4 v0x557d8bb66a70_0, 0, 8;
T_7.1 ;
    %jmp T_7;
    .thread T_7, $push;
    .scope S_0x557d8bb66be0;
T_8 ;
    %wait E_0x557d8bb66e00;
    %load/vec4 v0x557d8bb66e80_0;
    %load/vec4 v0x557d8bb66f60_0;
    %cmp/e;
    %jmp/0xz  T_8.0, 4;
    %load/vec4 v0x557d8bb66e80_0;
    %pad/u 32;
    %cmpi/e 0, 0, 32;
    %jmp/0xz  T_8.2, 4;
    %pushi/vec4 107, 0, 8; draw_string_vec4
    %store/vec4 v0x557d8bb67020_0, 0, 8;
    %jmp T_8.3;
T_8.2 ;
    %pushi/vec4 103, 0, 8; draw_string_vec4
    %store/vec4 v0x557d8bb67020_0, 0, 8;
T_8.3 ;
    %jmp T_8.1;
T_8.0 ;
    %pushi/vec4 112, 0, 8; draw_string_vec4
    %store/vec4 v0x557d8bb67020_0, 0, 8;
T_8.1 ;
    %jmp T_8;
    .thread T_8, $push;
    .scope S_0x557d8bb676f0;
T_9 ;
    %wait E_0x557d8bb67950;
    %load/vec4 v0x557d8bb679d0_0;
    %load/vec4 v0x557d8bb67ab0_0;
    %cmp/e;
    %jmp/0xz  T_9.0, 4;
    %load/vec4 v0x557d8bb679d0_0;
    %pad/u 32;
    %cmpi/e 0, 0, 32;
    %jmp/0xz  T_9.2, 4;
    %pushi/vec4 107, 0, 8; draw_string_vec4
    %store/vec4 v0x557d8bb67b70_0, 0, 8;
    %jmp T_9.3;
T_9.2 ;
    %pushi/vec4 103, 0, 8; draw_string_vec4
    %store/vec4 v0x557d8bb67b70_0, 0, 8;
T_9.3 ;
    %jmp T_9.1;
T_9.0 ;
    %pushi/vec4 112, 0, 8; draw_string_vec4
    %store/vec4 v0x557d8bb67b70_0, 0, 8;
T_9.1 ;
    %jmp T_9;
    .thread T_9, $push;
    .scope S_0x557d8bb67ce0;
T_10 ;
    %wait E_0x557d8bb67f00;
    %load/vec4 v0x557d8bb67f80_0;
    %load/vec4 v0x557d8bb68060_0;
    %cmp/e;
    %jmp/0xz  T_10.0, 4;
    %load/vec4 v0x557d8bb67f80_0;
    %pad/u 32;
    %cmpi/e 0, 0, 32;
    %jmp/0xz  T_10.2, 4;
    %pushi/vec4 107, 0, 8; draw_string_vec4
    %store/vec4 v0x557d8bb68120_0, 0, 8;
    %jmp T_10.3;
T_10.2 ;
    %pushi/vec4 103, 0, 8; draw_string_vec4
    %store/vec4 v0x557d8bb68120_0, 0, 8;
T_10.3 ;
    %jmp T_10.1;
T_10.0 ;
    %pushi/vec4 112, 0, 8; draw_string_vec4
    %store/vec4 v0x557d8bb68120_0, 0, 8;
T_10.1 ;
    %jmp T_10;
    .thread T_10, $push;
    .scope S_0x557d8bb68290;
T_11 ;
    %wait E_0x557d8bb684e0;
    %load/vec4 v0x557d8bb68540_0;
    %load/vec4 v0x557d8bb68620_0;
    %cmp/e;
    %jmp/0xz  T_11.0, 4;
    %load/vec4 v0x557d8bb68540_0;
    %pad/u 32;
    %cmpi/e 0, 0, 32;
    %jmp/0xz  T_11.2, 4;
    %pushi/vec4 107, 0, 8; draw_string_vec4
    %store/vec4 v0x557d8bb686e0_0, 0, 8;
    %jmp T_11.3;
T_11.2 ;
    %pushi/vec4 103, 0, 8; draw_string_vec4
    %store/vec4 v0x557d8bb686e0_0, 0, 8;
T_11.3 ;
    %jmp T_11.1;
T_11.0 ;
    %pushi/vec4 112, 0, 8; draw_string_vec4
    %store/vec4 v0x557d8bb686e0_0, 0, 8;
T_11.1 ;
    %jmp T_11;
    .thread T_11, $push;
    .scope S_0x557d8bb68850;
T_12 ;
    %wait E_0x557d8bb68a70;
    %load/vec4 v0x557d8bb68af0_0;
    %load/vec4 v0x557d8bb68bd0_0;
    %cmp/e;
    %jmp/0xz  T_12.0, 4;
    %load/vec4 v0x557d8bb68af0_0;
    %pad/u 32;
    %cmpi/e 0, 0, 32;
    %jmp/0xz  T_12.2, 4;
    %pushi/vec4 107, 0, 8; draw_string_vec4
    %store/vec4 v0x557d8bb68c90_0, 0, 8;
    %jmp T_12.3;
T_12.2 ;
    %pushi/vec4 103, 0, 8; draw_string_vec4
    %store/vec4 v0x557d8bb68c90_0, 0, 8;
T_12.3 ;
    %jmp T_12.1;
T_12.0 ;
    %pushi/vec4 112, 0, 8; draw_string_vec4
    %store/vec4 v0x557d8bb68c90_0, 0, 8;
T_12.1 ;
    %jmp T_12;
    .thread T_12, $push;
    .scope S_0x557d8bb68e00;
T_13 ;
    %wait E_0x557d8bb69070;
    %load/vec4 v0x557d8bb690f0_0;
    %load/vec4 v0x557d8bb691d0_0;
    %cmp/e;
    %jmp/0xz  T_13.0, 4;
    %load/vec4 v0x557d8bb690f0_0;
    %pad/u 32;
    %cmpi/e 0, 0, 32;
    %jmp/0xz  T_13.2, 4;
    %pushi/vec4 107, 0, 8; draw_string_vec4
    %store/vec4 v0x557d8bb69290_0, 0, 8;
    %jmp T_13.3;
T_13.2 ;
    %pushi/vec4 103, 0, 8; draw_string_vec4
    %store/vec4 v0x557d8bb69290_0, 0, 8;
T_13.3 ;
    %jmp T_13.1;
T_13.0 ;
    %pushi/vec4 112, 0, 8; draw_string_vec4
    %store/vec4 v0x557d8bb69290_0, 0, 8;
T_13.1 ;
    %jmp T_13;
    .thread T_13, $push;
    .scope S_0x557d8bb693d0;
T_14 ;
    %wait E_0x557d8bb695f0;
    %load/vec4 v0x557d8bb69670_0;
    %load/vec4 v0x557d8bb69750_0;
    %cmp/e;
    %jmp/0xz  T_14.0, 4;
    %load/vec4 v0x557d8bb69670_0;
    %pad/u 32;
    %cmpi/e 0, 0, 32;
    %jmp/0xz  T_14.2, 4;
    %pushi/vec4 107, 0, 8; draw_string_vec4
    %store/vec4 v0x557d8bb69810_0, 0, 8;
    %jmp T_14.3;
T_14.2 ;
    %pushi/vec4 103, 0, 8; draw_string_vec4
    %store/vec4 v0x557d8bb69810_0, 0, 8;
T_14.3 ;
    %jmp T_14.1;
T_14.0 ;
    %pushi/vec4 112, 0, 8; draw_string_vec4
    %store/vec4 v0x557d8bb69810_0, 0, 8;
T_14.1 ;
    %jmp T_14;
    .thread T_14, $push;
    .scope S_0x557d8bb69980;
T_15 ;
    %wait E_0x557d8bb69ba0;
    %load/vec4 v0x557d8bb69c20_0;
    %load/vec4 v0x557d8bb69d00_0;
    %cmp/e;
    %jmp/0xz  T_15.0, 4;
    %load/vec4 v0x557d8bb69c20_0;
    %pad/u 32;
    %cmpi/e 0, 0, 32;
    %jmp/0xz  T_15.2, 4;
    %pushi/vec4 107, 0, 8; draw_string_vec4
    %store/vec4 v0x557d8bb69dc0_0, 0, 8;
    %jmp T_15.3;
T_15.2 ;
    %pushi/vec4 103, 0, 8; draw_string_vec4
    %store/vec4 v0x557d8bb69dc0_0, 0, 8;
T_15.3 ;
    %jmp T_15.1;
T_15.0 ;
    %pushi/vec4 112, 0, 8; draw_string_vec4
    %store/vec4 v0x557d8bb69dc0_0, 0, 8;
T_15.1 ;
    %jmp T_15;
    .thread T_15, $push;
    .scope S_0x557d8bb69f30;
T_16 ;
    %wait E_0x557d8bb6a150;
    %load/vec4 v0x557d8bb6a1d0_0;
    %load/vec4 v0x557d8bb6a2b0_0;
    %cmp/e;
    %jmp/0xz  T_16.0, 4;
    %load/vec4 v0x557d8bb6a1d0_0;
    %pad/u 32;
    %cmpi/e 0, 0, 32;
    %jmp/0xz  T_16.2, 4;
    %pushi/vec4 107, 0, 8; draw_string_vec4
    %store/vec4 v0x557d8bb6a370_0, 0, 8;
    %jmp T_16.3;
T_16.2 ;
    %pushi/vec4 103, 0, 8; draw_string_vec4
    %store/vec4 v0x557d8bb6a370_0, 0, 8;
T_16.3 ;
    %jmp T_16.1;
T_16.0 ;
    %pushi/vec4 112, 0, 8; draw_string_vec4
    %store/vec4 v0x557d8bb6a370_0, 0, 8;
T_16.1 ;
    %jmp T_16;
    .thread T_16, $push;
    .scope S_0x557d8bb6aa70;
T_17 ;
    %wait E_0x557d8bb6acb0;
    %load/vec4 v0x557d8bb6ad30_0;
    %load/vec4 v0x557d8bb6ae10_0;
    %cmp/e;
    %jmp/0xz  T_17.0, 4;
    %load/vec4 v0x557d8bb6ad30_0;
    %pad/u 32;
    %cmpi/e 0, 0, 32;
    %jmp/0xz  T_17.2, 4;
    %pushi/vec4 107, 0, 8; draw_string_vec4
    %store/vec4 v0x557d8bb6aed0_0, 0, 8;
    %jmp T_17.3;
T_17.2 ;
    %pushi/vec4 103, 0, 8; draw_string_vec4
    %store/vec4 v0x557d8bb6aed0_0, 0, 8;
T_17.3 ;
    %jmp T_17.1;
T_17.0 ;
    %pushi/vec4 112, 0, 8; draw_string_vec4
    %store/vec4 v0x557d8bb6aed0_0, 0, 8;
T_17.1 ;
    %jmp T_17;
    .thread T_17, $push;
    .scope S_0x557d8bb6b040;
T_18 ;
    %wait E_0x557d8bb6b260;
    %load/vec4 v0x557d8bb6b2e0_0;
    %load/vec4 v0x557d8bb6b3c0_0;
    %cmp/e;
    %jmp/0xz  T_18.0, 4;
    %load/vec4 v0x557d8bb6b2e0_0;
    %pad/u 32;
    %cmpi/e 0, 0, 32;
    %jmp/0xz  T_18.2, 4;
    %pushi/vec4 107, 0, 8; draw_string_vec4
    %store/vec4 v0x557d8bb6b480_0, 0, 8;
    %jmp T_18.3;
T_18.2 ;
    %pushi/vec4 103, 0, 8; draw_string_vec4
    %store/vec4 v0x557d8bb6b480_0, 0, 8;
T_18.3 ;
    %jmp T_18.1;
T_18.0 ;
    %pushi/vec4 112, 0, 8; draw_string_vec4
    %store/vec4 v0x557d8bb6b480_0, 0, 8;
T_18.1 ;
    %jmp T_18;
    .thread T_18, $push;
    .scope S_0x557d8bb6b5f0;
T_19 ;
    %wait E_0x557d8bb6b840;
    %load/vec4 v0x557d8bb6b8a0_0;
    %load/vec4 v0x557d8bb6b980_0;
    %cmp/e;
    %jmp/0xz  T_19.0, 4;
    %load/vec4 v0x557d8bb6b8a0_0;
    %pad/u 32;
    %cmpi/e 0, 0, 32;
    %jmp/0xz  T_19.2, 4;
    %pushi/vec4 107, 0, 8; draw_string_vec4
    %store/vec4 v0x557d8bb6ba40_0, 0, 8;
    %jmp T_19.3;
T_19.2 ;
    %pushi/vec4 103, 0, 8; draw_string_vec4
    %store/vec4 v0x557d8bb6ba40_0, 0, 8;
T_19.3 ;
    %jmp T_19.1;
T_19.0 ;
    %pushi/vec4 112, 0, 8; draw_string_vec4
    %store/vec4 v0x557d8bb6ba40_0, 0, 8;
T_19.1 ;
    %jmp T_19;
    .thread T_19, $push;
    .scope S_0x557d8bb6bbb0;
T_20 ;
    %wait E_0x557d8bb6bdd0;
    %load/vec4 v0x557d8bb6be50_0;
    %load/vec4 v0x557d8bb6bf30_0;
    %cmp/e;
    %jmp/0xz  T_20.0, 4;
    %load/vec4 v0x557d8bb6be50_0;
    %pad/u 32;
    %cmpi/e 0, 0, 32;
    %jmp/0xz  T_20.2, 4;
    %pushi/vec4 107, 0, 8; draw_string_vec4
    %store/vec4 v0x557d8bb6bff0_0, 0, 8;
    %jmp T_20.3;
T_20.2 ;
    %pushi/vec4 103, 0, 8; draw_string_vec4
    %store/vec4 v0x557d8bb6bff0_0, 0, 8;
T_20.3 ;
    %jmp T_20.1;
T_20.0 ;
    %pushi/vec4 112, 0, 8; draw_string_vec4
    %store/vec4 v0x557d8bb6bff0_0, 0, 8;
T_20.1 ;
    %jmp T_20;
    .thread T_20, $push;
    .scope S_0x557d8bb6c160;
T_21 ;
    %wait E_0x557d8bb6c3d0;
    %load/vec4 v0x557d8bb6c450_0;
    %load/vec4 v0x557d8bb6c530_0;
    %cmp/e;
    %jmp/0xz  T_21.0, 4;
    %load/vec4 v0x557d8bb6c450_0;
    %pad/u 32;
    %cmpi/e 0, 0, 32;
    %jmp/0xz  T_21.2, 4;
    %pushi/vec4 107, 0, 8; draw_string_vec4
    %store/vec4 v0x557d8bb6c5f0_0, 0, 8;
    %jmp T_21.3;
T_21.2 ;
    %pushi/vec4 103, 0, 8; draw_string_vec4
    %store/vec4 v0x557d8bb6c5f0_0, 0, 8;
T_21.3 ;
    %jmp T_21.1;
T_21.0 ;
    %pushi/vec4 112, 0, 8; draw_string_vec4
    %store/vec4 v0x557d8bb6c5f0_0, 0, 8;
T_21.1 ;
    %jmp T_21;
    .thread T_21, $push;
    .scope S_0x557d8bb6c730;
T_22 ;
    %wait E_0x557d8bb6c950;
    %load/vec4 v0x557d8bb6c9d0_0;
    %load/vec4 v0x557d8bb6cab0_0;
    %cmp/e;
    %jmp/0xz  T_22.0, 4;
    %load/vec4 v0x557d8bb6c9d0_0;
    %pad/u 32;
    %cmpi/e 0, 0, 32;
    %jmp/0xz  T_22.2, 4;
    %pushi/vec4 107, 0, 8; draw_string_vec4
    %store/vec4 v0x557d8bb6cb70_0, 0, 8;
    %jmp T_22.3;
T_22.2 ;
    %pushi/vec4 103, 0, 8; draw_string_vec4
    %store/vec4 v0x557d8bb6cb70_0, 0, 8;
T_22.3 ;
    %jmp T_22.1;
T_22.0 ;
    %pushi/vec4 112, 0, 8; draw_string_vec4
    %store/vec4 v0x557d8bb6cb70_0, 0, 8;
T_22.1 ;
    %jmp T_22;
    .thread T_22, $push;
    .scope S_0x557d8bb6cce0;
T_23 ;
    %wait E_0x557d8bb6cf00;
    %load/vec4 v0x557d8bb6cf80_0;
    %load/vec4 v0x557d8bb6d060_0;
    %cmp/e;
    %jmp/0xz  T_23.0, 4;
    %load/vec4 v0x557d8bb6cf80_0;
    %pad/u 32;
    %cmpi/e 0, 0, 32;
    %jmp/0xz  T_23.2, 4;
    %pushi/vec4 107, 0, 8; draw_string_vec4
    %store/vec4 v0x557d8bb6d120_0, 0, 8;
    %jmp T_23.3;
T_23.2 ;
    %pushi/vec4 103, 0, 8; draw_string_vec4
    %store/vec4 v0x557d8bb6d120_0, 0, 8;
T_23.3 ;
    %jmp T_23.1;
T_23.0 ;
    %pushi/vec4 112, 0, 8; draw_string_vec4
    %store/vec4 v0x557d8bb6d120_0, 0, 8;
T_23.1 ;
    %jmp T_23;
    .thread T_23, $push;
    .scope S_0x557d8bb6d290;
T_24 ;
    %wait E_0x557d8bb6d4b0;
    %load/vec4 v0x557d8bb6d530_0;
    %load/vec4 v0x557d8bb6d610_0;
    %cmp/e;
    %jmp/0xz  T_24.0, 4;
    %load/vec4 v0x557d8bb6d530_0;
    %pad/u 32;
    %cmpi/e 0, 0, 32;
    %jmp/0xz  T_24.2, 4;
    %pushi/vec4 107, 0, 8; draw_string_vec4
    %store/vec4 v0x557d8bb6d6d0_0, 0, 8;
    %jmp T_24.3;
T_24.2 ;
    %pushi/vec4 103, 0, 8; draw_string_vec4
    %store/vec4 v0x557d8bb6d6d0_0, 0, 8;
T_24.3 ;
    %jmp T_24.1;
T_24.0 ;
    %pushi/vec4 112, 0, 8; draw_string_vec4
    %store/vec4 v0x557d8bb6d6d0_0, 0, 8;
T_24.1 ;
    %jmp T_24;
    .thread T_24, $push;
    .scope S_0x557d8bb6dda0;
T_25 ;
    %wait E_0x557d8bb6e000;
    %load/vec4 v0x557d8bb6e080_0;
    %load/vec4 v0x557d8bb6e160_0;
    %cmp/e;
    %jmp/0xz  T_25.0, 4;
    %load/vec4 v0x557d8bb6e080_0;
    %pad/u 32;
    %cmpi/e 0, 0, 32;
    %jmp/0xz  T_25.2, 4;
    %pushi/vec4 107, 0, 8; draw_string_vec4
    %store/vec4 v0x557d8bb6e220_0, 0, 8;
    %jmp T_25.3;
T_25.2 ;
    %pushi/vec4 103, 0, 8; draw_string_vec4
    %store/vec4 v0x557d8bb6e220_0, 0, 8;
T_25.3 ;
    %jmp T_25.1;
T_25.0 ;
    %pushi/vec4 112, 0, 8; draw_string_vec4
    %store/vec4 v0x557d8bb6e220_0, 0, 8;
T_25.1 ;
    %jmp T_25;
    .thread T_25, $push;
    .scope S_0x557d8bb6e390;
T_26 ;
    %wait E_0x557d8bb6e5b0;
    %load/vec4 v0x557d8bb6e630_0;
    %load/vec4 v0x557d8bb6e710_0;
    %cmp/e;
    %jmp/0xz  T_26.0, 4;
    %load/vec4 v0x557d8bb6e630_0;
    %pad/u 32;
    %cmpi/e 0, 0, 32;
    %jmp/0xz  T_26.2, 4;
    %pushi/vec4 107, 0, 8; draw_string_vec4
    %store/vec4 v0x557d8bb6e7d0_0, 0, 8;
    %jmp T_26.3;
T_26.2 ;
    %pushi/vec4 103, 0, 8; draw_string_vec4
    %store/vec4 v0x557d8bb6e7d0_0, 0, 8;
T_26.3 ;
    %jmp T_26.1;
T_26.0 ;
    %pushi/vec4 112, 0, 8; draw_string_vec4
    %store/vec4 v0x557d8bb6e7d0_0, 0, 8;
T_26.1 ;
    %jmp T_26;
    .thread T_26, $push;
    .scope S_0x557d8bb6e940;
T_27 ;
    %wait E_0x557d8bb6eb90;
    %load/vec4 v0x557d8bb6ebf0_0;
    %load/vec4 v0x557d8bb6ecd0_0;
    %cmp/e;
    %jmp/0xz  T_27.0, 4;
    %load/vec4 v0x557d8bb6ebf0_0;
    %pad/u 32;
    %cmpi/e 0, 0, 32;
    %jmp/0xz  T_27.2, 4;
    %pushi/vec4 107, 0, 8; draw_string_vec4
    %store/vec4 v0x557d8bb6ed90_0, 0, 8;
    %jmp T_27.3;
T_27.2 ;
    %pushi/vec4 103, 0, 8; draw_string_vec4
    %store/vec4 v0x557d8bb6ed90_0, 0, 8;
T_27.3 ;
    %jmp T_27.1;
T_27.0 ;
    %pushi/vec4 112, 0, 8; draw_string_vec4
    %store/vec4 v0x557d8bb6ed90_0, 0, 8;
T_27.1 ;
    %jmp T_27;
    .thread T_27, $push;
    .scope S_0x557d8bb6ef00;
T_28 ;
    %wait E_0x557d8bb6f120;
    %load/vec4 v0x557d8bb6f1a0_0;
    %load/vec4 v0x557d8bb6f280_0;
    %cmp/e;
    %jmp/0xz  T_28.0, 4;
    %load/vec4 v0x557d8bb6f1a0_0;
    %pad/u 32;
    %cmpi/e 0, 0, 32;
    %jmp/0xz  T_28.2, 4;
    %pushi/vec4 107, 0, 8; draw_string_vec4
    %store/vec4 v0x557d8bb6f340_0, 0, 8;
    %jmp T_28.3;
T_28.2 ;
    %pushi/vec4 103, 0, 8; draw_string_vec4
    %store/vec4 v0x557d8bb6f340_0, 0, 8;
T_28.3 ;
    %jmp T_28.1;
T_28.0 ;
    %pushi/vec4 112, 0, 8; draw_string_vec4
    %store/vec4 v0x557d8bb6f340_0, 0, 8;
T_28.1 ;
    %jmp T_28;
    .thread T_28, $push;
    .scope S_0x557d8bb6f4b0;
T_29 ;
    %wait E_0x557d8bb6f720;
    %load/vec4 v0x557d8bb6f7a0_0;
    %load/vec4 v0x557d8bb6f880_0;
    %cmp/e;
    %jmp/0xz  T_29.0, 4;
    %load/vec4 v0x557d8bb6f7a0_0;
    %pad/u 32;
    %cmpi/e 0, 0, 32;
    %jmp/0xz  T_29.2, 4;
    %pushi/vec4 107, 0, 8; draw_string_vec4
    %store/vec4 v0x557d8bb6f940_0, 0, 8;
    %jmp T_29.3;
T_29.2 ;
    %pushi/vec4 103, 0, 8; draw_string_vec4
    %store/vec4 v0x557d8bb6f940_0, 0, 8;
T_29.3 ;
    %jmp T_29.1;
T_29.0 ;
    %pushi/vec4 112, 0, 8; draw_string_vec4
    %store/vec4 v0x557d8bb6f940_0, 0, 8;
T_29.1 ;
    %jmp T_29;
    .thread T_29, $push;
    .scope S_0x557d8bb6fa80;
T_30 ;
    %wait E_0x557d8bb6fca0;
    %load/vec4 v0x557d8bb6fd20_0;
    %load/vec4 v0x557d8bb6fe00_0;
    %cmp/e;
    %jmp/0xz  T_30.0, 4;
    %load/vec4 v0x557d8bb6fd20_0;
    %pad/u 32;
    %cmpi/e 0, 0, 32;
    %jmp/0xz  T_30.2, 4;
    %pushi/vec4 107, 0, 8; draw_string_vec4
    %store/vec4 v0x557d8bb6fec0_0, 0, 8;
    %jmp T_30.3;
T_30.2 ;
    %pushi/vec4 103, 0, 8; draw_string_vec4
    %store/vec4 v0x557d8bb6fec0_0, 0, 8;
T_30.3 ;
    %jmp T_30.1;
T_30.0 ;
    %pushi/vec4 112, 0, 8; draw_string_vec4
    %store/vec4 v0x557d8bb6fec0_0, 0, 8;
T_30.1 ;
    %jmp T_30;
    .thread T_30, $push;
    .scope S_0x557d8bb70030;
T_31 ;
    %wait E_0x557d8bb70250;
    %load/vec4 v0x557d8bb702d0_0;
    %load/vec4 v0x557d8bb703b0_0;
    %cmp/e;
    %jmp/0xz  T_31.0, 4;
    %load/vec4 v0x557d8bb702d0_0;
    %pad/u 32;
    %cmpi/e 0, 0, 32;
    %jmp/0xz  T_31.2, 4;
    %pushi/vec4 107, 0, 8; draw_string_vec4
    %store/vec4 v0x557d8bb70470_0, 0, 8;
    %jmp T_31.3;
T_31.2 ;
    %pushi/vec4 103, 0, 8; draw_string_vec4
    %store/vec4 v0x557d8bb70470_0, 0, 8;
T_31.3 ;
    %jmp T_31.1;
T_31.0 ;
    %pushi/vec4 112, 0, 8; draw_string_vec4
    %store/vec4 v0x557d8bb70470_0, 0, 8;
T_31.1 ;
    %jmp T_31;
    .thread T_31, $push;
    .scope S_0x557d8bb705e0;
T_32 ;
    %wait E_0x557d8bb70800;
    %load/vec4 v0x557d8bb70880_0;
    %load/vec4 v0x557d8bb70960_0;
    %cmp/e;
    %jmp/0xz  T_32.0, 4;
    %load/vec4 v0x557d8bb70880_0;
    %pad/u 32;
    %cmpi/e 0, 0, 32;
    %jmp/0xz  T_32.2, 4;
    %pushi/vec4 107, 0, 8; draw_string_vec4
    %store/vec4 v0x557d8bb70a20_0, 0, 8;
    %jmp T_32.3;
T_32.2 ;
    %pushi/vec4 103, 0, 8; draw_string_vec4
    %store/vec4 v0x557d8bb70a20_0, 0, 8;
T_32.3 ;
    %jmp T_32.1;
T_32.0 ;
    %pushi/vec4 112, 0, 8; draw_string_vec4
    %store/vec4 v0x557d8bb70a20_0, 0, 8;
T_32.1 ;
    %jmp T_32;
    .thread T_32, $push;
    .scope S_0x557d8bb70ed0;
T_33 ;
    %pushi/vec4 0, 0, 32;
    %store/vec4 v0x557d8bb712c0_0, 0, 32;
    %pushi/vec4 32, 0, 32;
    %store/vec4 v0x557d8bb713a0_0, 0, 32;
    %end;
    .thread T_33;
    .scope S_0x557d8bb70ed0;
T_34 ;
    %wait E_0x557d8bb71130;
    %pushi/vec4 0, 0, 32;
    %store/vec4 v0x557d8bb711c0_0, 0, 32;
T_34.0 ;
    %load/vec4 v0x557d8bb711c0_0;
    %load/vec4 v0x557d8bb713a0_0;
    %cmp/s;
    %jmp/0xz T_34.1, 5;
    %load/vec4 v0x557d8bb71460_0;
    %load/vec4 v0x557d8bb711c0_0;
    %pad/s 35;
    %muli 8, 0, 35;
    %part/s 8;
    %load/vec4 v0x557d8bb711c0_0;
    %pad/s 35;
    %muli 8, 0, 35;
    %ix/vec4/s 4;
    %store/vec4 v0x557d8bb71550_0, 4, 8;
    %load/vec4 v0x557d8bb711c0_0;
    %pushi/vec4 1, 0, 32;
    %add;
    %store/vec4 v0x557d8bb711c0_0, 0, 32;
    %jmp T_34.0;
T_34.1 ;
    %pushi/vec4 0, 0, 32;
    %store/vec4 v0x557d8bb712c0_0, 0, 32;
T_34.2 ;
    %load/vec4 v0x557d8bb712c0_0;
    %cmpi/s 5, 0, 32;
    %jmp/0xz T_34.3, 5;
    %pushi/vec4 31, 0, 32;
    %store/vec4 v0x557d8bb711c0_0, 0, 32;
T_34.4 ;
    %pushi/vec4 0, 0, 32;
    %load/vec4 v0x557d8bb711c0_0;
    %pushi/vec4 2, 0, 32;
    %load/vec4 v0x557d8bb712c0_0;
    %pow/s;
    %sub;
    %cmp/s;
    %flag_or 5, 4;
    %jmp/0xz T_34.5, 5;
    %load/vec4 v0x557d8bb71550_0;
    %load/vec4 v0x557d8bb711c0_0;
    %pad/s 35;
    %muli 8, 0, 35;
    %part/s 8;
    %pushi/vec4 107, 0, 8; draw_string_vec4
    %cmp/e;
    %jmp/0xz  T_34.6, 4;
    %pushi/vec4 107, 0, 8; draw_string_vec4
    %load/vec4 v0x557d8bb711c0_0;
    %pad/s 35;
    %muli 8, 0, 35;
    %ix/vec4/s 4;
    %store/vec4 v0x557d8bb71550_0, 4, 8;
    %jmp T_34.7;
T_34.6 ;
    %load/vec4 v0x557d8bb71550_0;
    %load/vec4 v0x557d8bb711c0_0;
    %pad/s 35;
    %muli 8, 0, 35;
    %part/s 8;
    %pushi/vec4 112, 0, 8; draw_string_vec4
    %cmp/e;
    %jmp/0xz  T_34.8, 4;
    %load/vec4 v0x557d8bb71550_0;
    %load/vec4 v0x557d8bb711c0_0;
    %pushi/vec4 2, 0, 32;
    %load/vec4 v0x557d8bb712c0_0;
    %pow/s;
    %sub;
    %pad/s 35;
    %muli 8, 0, 35;
    %part/s 8;
    %pushi/vec4 107, 0, 8; draw_string_vec4
    %cmp/e;
    %jmp/0xz  T_34.10, 4;
    %pushi/vec4 107, 0, 8; draw_string_vec4
    %load/vec4 v0x557d8bb711c0_0;
    %pad/s 35;
    %muli 8, 0, 35;
    %ix/vec4/s 4;
    %store/vec4 v0x557d8bb71550_0, 4, 8;
    %jmp T_34.11;
T_34.10 ;
    %load/vec4 v0x557d8bb71550_0;
    %load/vec4 v0x557d8bb711c0_0;
    %pushi/vec4 2, 0, 32;
    %load/vec4 v0x557d8bb712c0_0;
    %pow/s;
    %sub;
    %pad/s 35;
    %muli 8, 0, 35;
    %part/s 8;
    %pushi/vec4 112, 0, 8; draw_string_vec4
    %cmp/e;
    %jmp/0xz  T_34.12, 4;
    %pushi/vec4 112, 0, 8; draw_string_vec4
    %load/vec4 v0x557d8bb711c0_0;
    %pad/s 35;
    %muli 8, 0, 35;
    %ix/vec4/s 4;
    %store/vec4 v0x557d8bb71550_0, 4, 8;
    %jmp T_34.13;
T_34.12 ;
    %pushi/vec4 103, 0, 8; draw_string_vec4
    %load/vec4 v0x557d8bb711c0_0;
    %pad/s 35;
    %muli 8, 0, 35;
    %ix/vec4/s 4;
    %store/vec4 v0x557d8bb71550_0, 4, 8;
T_34.13 ;
T_34.11 ;
    %jmp T_34.9;
T_34.8 ;
    %pushi/vec4 103, 0, 8; draw_string_vec4
    %load/vec4 v0x557d8bb711c0_0;
    %pad/s 35;
    %muli 8, 0, 35;
    %ix/vec4/s 4;
    %store/vec4 v0x557d8bb71550_0, 4, 8;
T_34.9 ;
T_34.7 ;
    %load/vec4 v0x557d8bb711c0_0;
    %subi 1, 0, 32;
    %store/vec4 v0x557d8bb711c0_0, 0, 32;
    %jmp T_34.4;
T_34.5 ;
    %load/vec4 v0x557d8bb712c0_0;
    %pushi/vec4 1, 0, 32;
    %add;
    %store/vec4 v0x557d8bb712c0_0, 0, 32;
    %jmp T_34.2;
T_34.3 ;
    %jmp T_34;
    .thread T_34, $push;
    .scope S_0x557d8bb63f60;
T_35 ;
    %pushi/vec4 0, 0, 32;
    %store/vec4 v0x557d8bb71970_0, 0, 32;
    %end;
    .thread T_35;
    .scope S_0x557d8bb63f60;
T_36 ;
    %wait E_0x557d8bae7d20;
    %load/vec4 v0x557d8bb71b80_0;
    %parti/s 8, 256, 10;
    %pushi/vec4 112, 0, 8; draw_string_vec4
    %cmp/e;
    %jmp/0xz  T_36.0, 4;
    %load/vec4 v0x557d8bb71d20_0;
    %parti/s 8, 248, 9;
    %pushi/vec4 103, 0, 8; draw_string_vec4
    %cmp/e;
    %jmp/0xz  T_36.2, 4;
    %pushi/vec4 103, 0, 8; draw_string_vec4
    %store/vec4 v0x557d8bb71e20_0, 0, 8;
    %jmp T_36.3;
T_36.2 ;
    %pushi/vec4 107, 0, 8; draw_string_vec4
    %store/vec4 v0x557d8bb71e20_0, 0, 8;
T_36.3 ;
    %jmp T_36.1;
T_36.0 ;
    %load/vec4 v0x557d8bb71b80_0;
    %parti/s 8, 256, 10;
    %store/vec4 v0x557d8bb71e20_0, 0, 8;
T_36.1 ;
    %pushi/vec4 0, 0, 32;
    %store/vec4 v0x557d8bb71970_0, 0, 32;
T_36.4 ;
    %load/vec4 v0x557d8bb71970_0;
    %cmpi/s 32, 0, 32;
    %jmp/0xz T_36.5, 5;
    %load/vec4 v0x557d8bb71d20_0;
    %load/vec4 v0x557d8bb71970_0;
    %pad/s 35;
    %muli 8, 0, 35;
    %part/s 8;
    %pushi/vec4 107, 0, 8; draw_string_vec4
    %cmp/e;
    %jmp/0xz  T_36.6, 4;
    %load/vec4 v0x557d8bb717a0_0;
    %load/vec4 v0x557d8bb71970_0;
    %part/s 1;
    %load/vec4 v0x557d8bb71880_0;
    %load/vec4 v0x557d8bb71970_0;
    %part/s 1;
    %xor;
    %pushi/vec4 0, 0, 1;
    %xor;
    %ix/getv/s 4, v0x557d8bb71970_0;
    %store/vec4 v0x557d8bb71a50_0, 4, 1;
    %jmp T_36.7;
T_36.6 ;
    %load/vec4 v0x557d8bb717a0_0;
    %load/vec4 v0x557d8bb71970_0;
    %part/s 1;
    %pad/u 2;
    %load/vec4 v0x557d8bb71880_0;
    %load/vec4 v0x557d8bb71970_0;
    %part/s 1;
    %pad/u 2;
    %xor;
    %pushi/vec4 1, 0, 2;
    %xor;
    %pad/u 1;
    %ix/getv/s 4, v0x557d8bb71970_0;
    %store/vec4 v0x557d8bb71a50_0, 4, 1;
T_36.7 ;
    %load/vec4 v0x557d8bb71970_0;
    %addi 1, 0, 32;
    %store/vec4 v0x557d8bb71970_0, 0, 32;
    %jmp T_36.4;
T_36.5 ;
    %jmp T_36;
    .thread T_36, $push;
    .scope S_0x557d8bb15e20;
T_37 ;
    %pushi/vec4 0, 0, 32;
    %store/vec4 v0x557d8bb73fa0_0, 0, 32;
    %end;
    .thread T_37;
    .scope S_0x557d8bb15e20;
T_38 ;
    %wait E_0x557d8bae74f0;
    %load/vec4 v0x557d8bb73560_0;
    %load/vec4 v0x557d8bb73630_0;
    %pad/u 32;
    %pushi/vec4 0, 0, 32;
    %cmp/e;
    %flag_get/vec4 4;
    %xor;
    %flag_set/vec4 8;
    %jmp/0xz  T_38.0, 8;
    %load/vec4 v0x557d8bb733b0_0;
    %store/vec4 v0x557d8bb73470_0, 0, 32;
    %jmp T_38.1;
T_38.0 ;
    %load/vec4 v0x557d8bb733b0_0;
    %addi 1, 0, 32;
    %store/vec4 v0x557d8bb73470_0, 0, 32;
T_38.1 ;
    %jmp T_38;
    .thread T_38, $push;
    .scope S_0x557d8bb15e20;
T_39 ;
    %wait E_0x557d8bab2870;
    %load/vec4 v0x557d8bb737a0_0;
    %parti/s 1, 24, 6;
    %pad/u 32;
    %cmpi/e 1, 0, 32;
    %jmp/0xz  T_39.0, 4;
    %load/vec4 v0x557d8bb737a0_0;
    %parti/s 23, 1, 2;
    %store/vec4 v0x557d8bb73060_0, 0, 23;
    %load/vec4 v0x557d8bb72870_0;
    %addi 1, 0, 8;
    %store/vec4 v0x557d8bb72a00_0, 0, 8;
    %jmp T_39.1;
T_39.0 ;
    %load/vec4 v0x557d8bb737a0_0;
    %parti/s 1, 23, 6;
    %pad/u 32;
    %cmpi/e 0, 0, 32;
    %jmp/0xz  T_39.2, 4;
    %pushi/vec4 1, 0, 32;
    %store/vec4 v0x557d8bb73fa0_0, 0, 32;
T_39.4 ;
    %load/vec4 v0x557d8bb737a0_0;
    %pushi/vec4 23, 0, 32;
    %load/vec4 v0x557d8bb73fa0_0;
    %sub;
    %part/s 1;
    %cmpi/e 0, 0, 1;
    %jmp/0xz T_39.5, 4;
    %load/vec4 v0x557d8bb73fa0_0;
    %addi 1, 0, 32;
    %store/vec4 v0x557d8bb73fa0_0, 0, 32;
    %jmp T_39.4;
T_39.5 ;
    %load/vec4 v0x557d8bb72870_0;
    %pad/u 32;
    %load/vec4 v0x557d8bb73fa0_0;
    %sub;
    %pad/u 8;
    %store/vec4 v0x557d8bb72a00_0, 0, 8;
    %load/vec4 v0x557d8bb737a0_0;
    %parti/s 23, 0, 2;
    %store/vec4 v0x557d8bb73840_0, 0, 23;
    %load/vec4 v0x557d8bb73840_0;
    %load/vec4 v0x557d8bb73fa0_0;
    %ix/vec4 4;
    %shiftl 4;
    %store/vec4 v0x557d8bb73060_0, 0, 23;
    %jmp T_39.3;
T_39.2 ;
    %load/vec4 v0x557d8bb737a0_0;
    %parti/s 23, 0, 2;
    %store/vec4 v0x557d8bb73060_0, 0, 23;
    %load/vec4 v0x557d8bb72870_0;
    %store/vec4 v0x557d8bb72a00_0, 0, 8;
T_39.3 ;
T_39.1 ;
    %jmp T_39;
    .thread T_39, $push;
    .scope S_0x557d8bb15e20;
T_40 ;
    %wait E_0x557d8bae7900;
    %load/vec4 v0x557d8bb72870_0;
    %and/r;
    %pushi/vec4 1, 0, 1;
    %cmp/e;
    %flag_get/vec4 4;
    %load/vec4 v0x557d8bb72e10_0;
    %or/r;
    %pushi/vec4 0, 0, 1;
    %cmp/e;
    %flag_get/vec4 4;
    %and;
    %flag_set/vec4 8;
    %jmp/0xz  T_40.0, 8;
    %load/vec4 v0x557d8bb73560_0;
    %concati/vec4 255, 0, 8;
    %concati/vec4 0, 0, 23;
    %store/vec4 v0x557d8bb72d50_0, 0, 32;
    %jmp T_40.1;
T_40.0 ;
    %load/vec4 v0x557d8bb73560_0;
    %load/vec4 v0x557d8bb737a0_0;
    %or/r;
    %replicate 8;
    %load/vec4 v0x557d8bb72a00_0;
    %and;
    %concat/vec4; draw_concat_vec4
    %load/vec4 v0x557d8bb73060_0;
    %concat/vec4; draw_concat_vec4
    %store/vec4 v0x557d8bb72d50_0, 0, 32;
T_40.1 ;
    %jmp T_40;
    .thread T_40, $push;
    .scope S_0x557d8bb15e20;
T_41 ;
    %delay 0, 0;
    %pushi/vec4 2139095040, 0, 32;
    %store/vec4 v0x557d8bb72bb0_0, 0, 32;
    %delay 0, 0;
    %pushi/vec4 2130706491, 0, 32;
    %store/vec4 v0x557d8bb72c80_0, 0, 32;
    %delay 10, 0;
    %pushi/vec4 1, 0, 32;
    %store/vec4 v0x557d8bb72bb0_0, 0, 32;
    %pushi/vec4 1070218609, 0, 32;
    %store/vec4 v0x557d8bb72c80_0, 0, 32;
    %delay 20, 0;
    %pushi/vec4 1070386381, 0, 32;
    %store/vec4 v0x557d8bb72bb0_0, 0, 32;
    %pushi/vec4 3214514586, 0, 32;
    %store/vec4 v0x557d8bb72c80_0, 0, 32;
    %end;
    .thread T_41;
    .scope S_0x557d8bb15e20;
T_42 ;
    %vpi_call 2 100 "$monitor", $time, " Big: %b   Small: %b   SUM: %b\012", v0x557d8bb72bb0_0, v0x557d8bb72c80_0, v0x557d8bb72d50_0 {0 0 0};
    %end;
    .thread T_42;
# The file index is used to find the file name in the following table.
:file_names 10;
    "N/A";
    "<interactive>";
    "FPA.v";
    "./Tools/shift.v";
    "./Tools/split.v";
    "./Adder/32bit_RDA.v";
    "./Adder/kpg_gen.v";
    "./Adder/kpg.v";
    "./Adder/ppc.v";
    "./Tools/check.v";
