#! /usr/bin/vvp
:ivl_version "10.3 (stable)";
:ivl_delay_selection "TYPICAL";
:vpi_time_precision + 0;
:vpi_module "system";
:vpi_module "vhdl_sys";
:vpi_module "v2005_math";
:vpi_module "va_math";
S_0x557c89e2df10 .scope module, "top" "top" 2 49;
 .timescale 0 0;
v0x557c89e48f70_0 .var "clk", 0 0;
v0x557c89e49030_0 .var "enable", 0 0;
v0x557c89e49100_0 .var "in", 31 0;
v0x557c89e49200_0 .var "in_addr", 4 0;
v0x557c89e492d0_0 .var "o1_addr", 4 0;
v0x557c89e49370_0 .var "o2_addr", 4 0;
v0x557c89e49440_0 .var "read", 0 0;
v0x557c89e49510_0 .var "reset", 0 0;
v0x557c89e495e0_0 .net "w_o1", 31 0, v0x557c89e48730_0;  1 drivers
v0x557c89e496b0_0 .net "w_o2", 31 0, v0x557c89e488f0_0;  1 drivers
v0x557c89e49780_0 .var "write", 0 0;
S_0x557c89e2e090 .scope module, "m_rf_1" "regfile" 2 56, 2 1 0, S_0x557c89e2df10;
 .timescale 0 0;
    .port_info 0 /INPUT 32 "in"
    .port_info 1 /INPUT 5 "o1_addr"
    .port_info 2 /INPUT 5 "o2_addr"
    .port_info 3 /INPUT 5 "in_addr"
    .port_info 4 /INPUT 1 "read"
    .port_info 5 /INPUT 1 "write"
    .port_info 6 /OUTPUT 32 "o1"
    .port_info 7 /OUTPUT 32 "o2"
    .port_info 8 /INPUT 1 "clk"
    .port_info 9 /INPUT 1 "reset"
    .port_info 10 /INPUT 1 "enable"
v0x557c89e1a9e0_0 .net "clk", 0 0, v0x557c89e48f70_0;  1 drivers
v0x557c89e1aa80_0 .net "enable", 0 0, v0x557c89e49030_0;  1 drivers
v0x557c89e48460_0 .var/i "i", 31 0;
v0x557c89e48520_0 .net "in", 31 0, v0x557c89e49100_0;  1 drivers
v0x557c89e48600_0 .net "in_addr", 4 0, v0x557c89e49200_0;  1 drivers
v0x557c89e48730_0 .var "o1", 31 0;
v0x557c89e48810_0 .net "o1_addr", 4 0, v0x557c89e492d0_0;  1 drivers
v0x557c89e488f0_0 .var "o2", 31 0;
v0x557c89e489d0_0 .net "o2_addr", 4 0, v0x557c89e49370_0;  1 drivers
v0x557c89e48ab0_0 .net "read", 0 0, v0x557c89e49440_0;  1 drivers
v0x557c89e48b70 .array "regFile", 0 31, 31 0;
v0x557c89e48c30_0 .net "reset", 0 0, v0x557c89e49510_0;  1 drivers
v0x557c89e48cf0_0 .net "write", 0 0, v0x557c89e49780_0;  1 drivers
E_0x557c89e28e70 .event posedge, v0x557c89e1a9e0_0;
    .scope S_0x557c89e2e090;
T_0 ;
    %pushi/vec4 0, 0, 32;
    %store/vec4 v0x557c89e48460_0, 0, 32;
T_0.0 ;
    %load/vec4 v0x557c89e48460_0;
    %cmpi/s 32, 0, 32;
    %jmp/0xz T_0.1, 5;
    %pushi/vec4 0, 0, 32;
    %ix/getv/s 4, v0x557c89e48460_0;
    %store/vec4a v0x557c89e48b70, 4, 0;
    %load/vec4 v0x557c89e48460_0;
    %addi 1, 0, 32;
    %store/vec4 v0x557c89e48460_0, 0, 32;
    %jmp T_0.0;
T_0.1 ;
    %end;
    .thread T_0;
    .scope S_0x557c89e2e090;
T_1 ;
    %wait E_0x557c89e28e70;
    %load/vec4 v0x557c89e48c30_0;
    %cmpi/e 0, 0, 1;
    %jmp/0xz  T_1.0, 4;
    %pushi/vec4 0, 0, 32;
    %store/vec4 v0x557c89e48460_0, 0, 32;
T_1.2 ;
    %load/vec4 v0x557c89e48460_0;
    %cmpi/s 32, 0, 32;
    %jmp/0xz T_1.3, 5;
    %pushi/vec4 0, 0, 32;
    %ix/getv/s 4, v0x557c89e48460_0;
    %store/vec4a v0x557c89e48b70, 4, 0;
    %load/vec4 v0x557c89e48460_0;
    %addi 1, 0, 32;
    %store/vec4 v0x557c89e48460_0, 0, 32;
    %jmp T_1.2;
T_1.3 ;
T_1.0 ;
    %load/vec4 v0x557c89e1aa80_0;
    %cmpi/e 1, 0, 1;
    %jmp/0xz  T_1.4, 4;
    %load/vec4 v0x557c89e48c30_0;
    %cmpi/e 1, 0, 1;
    %jmp/0xz  T_1.6, 4;
    %load/vec4 v0x557c89e48ab0_0;
    %cmpi/e 1, 0, 1;
    %jmp/0xz  T_1.8, 4;
    %load/vec4 v0x557c89e48810_0;
    %pad/u 7;
    %ix/vec4 4;
    %load/vec4a v0x557c89e48b70, 4;
    %store/vec4 v0x557c89e48730_0, 0, 32;
    %load/vec4 v0x557c89e489d0_0;
    %pad/u 7;
    %ix/vec4 4;
    %load/vec4a v0x557c89e48b70, 4;
    %store/vec4 v0x557c89e488f0_0, 0, 32;
T_1.8 ;
T_1.6 ;
T_1.4 ;
    %load/vec4 v0x557c89e48cf0_0;
    %cmpi/e 1, 0, 1;
    %jmp/0xz  T_1.10, 4;
    %load/vec4 v0x557c89e48520_0;
    %load/vec4 v0x557c89e48600_0;
    %pad/u 7;
    %ix/vec4 4;
    %store/vec4a v0x557c89e48b70, 4, 0;
T_1.10 ;
    %jmp T_1;
    .thread T_1;
    .scope S_0x557c89e2df10;
T_2 ;
    %delay 1, 0;
    %load/vec4 v0x557c89e48f70_0;
    %nor/r;
    %store/vec4 v0x557c89e48f70_0, 0, 1;
    %jmp T_2;
    .thread T_2;
    .scope S_0x557c89e2df10;
T_3 ;
    %pushi/vec4 0, 0, 1;
    %store/vec4 v0x557c89e48f70_0, 0, 1;
    %pushi/vec4 0, 0, 1;
    %store/vec4 v0x557c89e49510_0, 0, 1;
    %pushi/vec4 0, 0, 1;
    %store/vec4 v0x557c89e49030_0, 0, 1;
    %delay 1, 0;
    %pushi/vec4 1, 0, 1;
    %store/vec4 v0x557c89e49510_0, 0, 1;
    %pushi/vec4 1, 0, 1;
    %store/vec4 v0x557c89e49030_0, 0, 1;
    %pushi/vec4 111111, 0, 32;
    %store/vec4 v0x557c89e49100_0, 0, 32;
    %pushi/vec4 30, 0, 5;
    %store/vec4 v0x557c89e49200_0, 0, 5;
    %pushi/vec4 0, 0, 1;
    %store/vec4 v0x557c89e49440_0, 0, 1;
    %pushi/vec4 30, 0, 5;
    %store/vec4 v0x557c89e492d0_0, 0, 5;
    %pushi/vec4 10, 0, 5;
    %store/vec4 v0x557c89e49370_0, 0, 5;
    %pushi/vec4 0, 0, 1;
    %store/vec4 v0x557c89e49780_0, 0, 1;
    %delay 2, 0;
    %pushi/vec4 1, 0, 1;
    %store/vec4 v0x557c89e49780_0, 0, 1;
    %delay 2, 0;
    %pushi/vec4 10, 0, 5;
    %store/vec4 v0x557c89e49200_0, 0, 5;
    %pushi/vec4 9999999, 0, 32;
    %store/vec4 v0x557c89e49100_0, 0, 32;
    %delay 2, 0;
    %pushi/vec4 1, 0, 1;
    %store/vec4 v0x557c89e49440_0, 0, 1;
    %delay 15, 0;
    %vpi_call 2 69 "$finish" {0 0 0};
    %end;
    .thread T_3;
    .scope S_0x557c89e2df10;
T_4 ;
    %vpi_call 2 74 "$monitor", "\012ENABLE: %b\011RESET: %b\012READ: %b\012Output_Addr1: %0d\011Output_Addr2: %0d\012Output1: %0d\011\011Output2: %0d\012\012WRITE: %0d\012Input_addr: %0d\011\011Input: %0d\012\012-------------------------------", v0x557c89e49030_0, v0x557c89e49510_0, v0x557c89e49440_0, v0x557c89e492d0_0, v0x557c89e49370_0, v0x557c89e495e0_0, v0x557c89e496b0_0, v0x557c89e49780_0, v0x557c89e49200_0, v0x557c89e49100_0 {0 0 0};
    %end;
    .thread T_4;
# The file index is used to find the file name in the following table.
:file_names 3;
    "N/A";
    "<interactive>";
    "Reg_f.v";
